<?xml version="1.0" encoding="UTF-8"?>
<testsuites>
  <testsuite name="" tests="1273" assertions="23785" failures="0" errors="0" time="76.248167">
    <testsuite name="Martinus/Utils" tests="275" assertions="21647" failures="0" errors="0" time="1.039791">
      <testsuite name="Martinus\Utils\Test\Address\SlovakStreetTest" file="/home/runner/work/martinus/martinus/martinus/cake3/src/Martinus/Utils/tests/Address/SlovakStreetTest.php" tests="31" assertions="93" failures="0" errors="0" time="0.010200">
        <testsuite name="Martinus\Utils\Test\Address\SlovakStreetTest::testValidStreets" tests="17" assertions="51" failures="0" errors="0" time="0.006815">
          <testcase name="testValidStreets with data set #0" assertions="3" time="0.003262"/>
          <testcase name="testValidStreets with data set #1" assertions="3" time="0.000269"/>
          <testcase name="testValidStreets with data set #2" assertions="3" time="0.000222"/>
          <testcase name="testValidStreets with data set #3" assertions="3" time="0.000215"/>
          <testcase name="testValidStreets with data set #4" assertions="3" time="0.000213"/>
          <testcase name="testValidStreets with data set #5" assertions="3" time="0.000255"/>
          <testcase name="testValidStreets with data set #6" assertions="3" time="0.000228"/>
          <testcase name="testValidStreets with data set #7" assertions="3" time="0.000227"/>
          <testcase name="testValidStreets with data set #8" assertions="3" time="0.000230"/>
          <testcase name="testValidStreets with data set #9" assertions="3" time="0.000226"/>
          <testcase name="testValidStreets with data set #10" assertions="3" time="0.000227"/>
          <testcase name="testValidStreets with data set #11" assertions="3" time="0.000207"/>
          <testcase name="testValidStreets with data set #12" assertions="3" time="0.000190"/>
          <testcase name="testValidStreets with data set #13" assertions="3" time="0.000190"/>
          <testcase name="testValidStreets with data set #14" assertions="3" time="0.000206"/>
          <testcase name="testValidStreets with data set #15" assertions="3" time="0.000225"/>
          <testcase name="testValidStreets with data set #16" assertions="3" time="0.000223"/>
        </testsuite>
        <testsuite name="Martinus\Utils\Test\Address\SlovakStreetTest::testInvalidStreets" tests="14" assertions="42" failures="0" errors="0" time="0.003385">
          <testcase name="testInvalidStreets with data set #0" assertions="3" time="0.000274"/>
          <testcase name="testInvalidStreets with data set #1" assertions="3" time="0.000731"/>
          <testcase name="testInvalidStreets with data set #2" assertions="3" time="0.000205"/>
          <testcase name="testInvalidStreets with data set #3" assertions="3" time="0.000187"/>
          <testcase name="testInvalidStreets with data set #4" assertions="3" time="0.000190"/>
          <testcase name="testInvalidStreets with data set #5" assertions="3" time="0.000184"/>
          <testcase name="testInvalidStreets with data set #6" assertions="3" time="0.000183"/>
          <testcase name="testInvalidStreets with data set #7" assertions="3" time="0.000206"/>
          <testcase name="testInvalidStreets with data set #8" assertions="3" time="0.000220"/>
          <testcase name="testInvalidStreets with data set #9" assertions="3" time="0.000216"/>
          <testcase name="testInvalidStreets with data set #10" assertions="3" time="0.000214"/>
          <testcase name="testInvalidStreets with data set #11" assertions="3" time="0.000206"/>
          <testcase name="testInvalidStreets with data set #12" assertions="3" time="0.000186"/>
          <testcase name="testInvalidStreets with data set #13" assertions="3" time="0.000183"/>
        </testsuite>
      </testsuite>
      <testsuite name="Martinus\Utils\Test\Code\FriendlyRandomCodesGeneratorTest" file="/home/runner/work/martinus/martinus/martinus/cake3/src/Martinus/Utils/tests/Code/FriendlyRandomCodesGeneratorTest.php" tests="5" assertions="20004" failures="0" errors="0" time="0.702679">
        <testcase name="testBasic" class="Martinus\Utils\Test\Code\FriendlyRandomCodesGeneratorTest" file="/home/runner/work/martinus/martinus/martinus/cake3/src/Martinus/Utils/tests/Code/FriendlyRandomCodesGeneratorTest.php" line="15" assertions="10000" time="0.274148"/>
        <testcase name="testConfusableChars" class="Martinus\Utils\Test\Code\FriendlyRandomCodesGeneratorTest" file="/home/runner/work/martinus/martinus/martinus/cake3/src/Martinus/Utils/tests/Code/FriendlyRandomCodesGeneratorTest.php" line="29" assertions="2" time="0.173799"/>
        <testcase name="testAlternate" class="Martinus\Utils\Test\Code\FriendlyRandomCodesGeneratorTest" file="/home/runner/work/martinus/martinus/martinus/cake3/src/Martinus/Utils/tests/Code/FriendlyRandomCodesGeneratorTest.php" line="40" assertions="10000" time="0.253853"/>
        <testcase name="testSeparator" class="Martinus\Utils\Test\Code\FriendlyRandomCodesGeneratorTest" file="/home/runner/work/martinus/martinus/martinus/cake3/src/Martinus/Utils/tests/Code/FriendlyRandomCodesGeneratorTest.php" line="60" assertions="1" time="0.000489"/>
        <testcase name="testPrefix" class="Martinus\Utils\Test\Code\FriendlyRandomCodesGeneratorTest" file="/home/runner/work/martinus/martinus/martinus/cake3/src/Martinus/Utils/tests/Code/FriendlyRandomCodesGeneratorTest.php" line="68" assertions="1" time="0.000390"/>
      </testsuite>
      <testsuite name="Martinus\Utils\Test\Code\IncrementsIntegersCodesGeneratorTest" file="/home/runner/work/martinus/martinus/martinus/cake3/src/Martinus/Utils/tests/Code/IncrementsIntegersCodesGeneratorTest.php" tests="2" assertions="1201" failures="0" errors="0" time="0.007465">
        <testcase name="testBasic" class="Martinus\Utils\Test\Code\IncrementsIntegersCodesGeneratorTest" file="/home/runner/work/martinus/martinus/martinus/cake3/src/Martinus/Utils/tests/Code/IncrementsIntegersCodesGeneratorTest.php" line="11" assertions="1000" time="0.005865"/>
        <testcase name="testStart" class="Martinus\Utils\Test\Code\IncrementsIntegersCodesGeneratorTest" file="/home/runner/work/martinus/martinus/martinus/cake3/src/Martinus/Utils/tests/Code/IncrementsIntegersCodesGeneratorTest.php" line="22" assertions="201" time="0.001600"/>
      </testsuite>
      <testsuite name="Martinus\Utils\Test\Code\UniqueCodesGeneratorTest" file="/home/runner/work/martinus/martinus/martinus/cake3/src/Martinus/Utils/tests/Code/UniqueCodesGeneratorTest.php" tests="2" assertions="2" failures="0" errors="0" time="0.010875">
        <testcase name="testGenerateUniqueCodes" class="Martinus\Utils\Test\Code\UniqueCodesGeneratorTest" file="/home/runner/work/martinus/martinus/martinus/cake3/src/Martinus/Utils/tests/Code/UniqueCodesGeneratorTest.php" line="11" assertions="1" time="0.006434"/>
        <testcase name="testCannotGenerateEnoughCodes" class="Martinus\Utils\Test\Code\UniqueCodesGeneratorTest" file="/home/runner/work/martinus/martinus/martinus/cake3/src/Martinus/Utils/tests/Code/UniqueCodesGeneratorTest.php" line="39" assertions="1" time="0.004441"/>
      </testsuite>
      <testsuite name="Martinus\Utils\Test\Controller\Component\ConnectionAuthComponentTest" file="/home/runner/work/martinus/martinus/martinus/cake3/src/Martinus/Utils/tests/Controller/Component/ConnectionAuthComponentTest.php" tests="4" assertions="6" failures="0" errors="0" time="0.009352">
        <testcase name="testIsGuestConnected" class="Martinus\Utils\Test\Controller\Component\ConnectionAuthComponentTest" file="/home/runner/work/martinus/martinus/martinus/cake3/src/Martinus/Utils/tests/Controller/Component/ConnectionAuthComponentTest.php" line="32" assertions="1" time="0.006967"/>
        <testcase name="testIsCustomerConnected" class="Martinus\Utils\Test\Controller\Component\ConnectionAuthComponentTest" file="/home/runner/work/martinus/martinus/martinus/cake3/src/Martinus/Utils/tests/Controller/Component/ConnectionAuthComponentTest.php" line="39" assertions="1" time="0.000741"/>
        <testcase name="testIsEmployeeConnected" class="Martinus\Utils\Test\Controller\Component\ConnectionAuthComponentTest" file="/home/runner/work/martinus/martinus/martinus/cake3/src/Martinus/Utils/tests/Controller/Component/ConnectionAuthComponentTest.php" line="47" assertions="2" time="0.000912"/>
        <testcase name="testIsDistributorConnected" class="Martinus\Utils\Test\Controller\Component\ConnectionAuthComponentTest" file="/home/runner/work/martinus/martinus/martinus/cake3/src/Martinus/Utils/tests/Controller/Component/ConnectionAuthComponentTest.php" line="63" assertions="2" time="0.000732"/>
      </testsuite>
      <testsuite name="Martinus\Utils\Test\Controller\Component\InputsComponentTest" file="/home/runner/work/martinus/martinus/martinus/cake3/src/Martinus/Utils/tests/Controller/Component/InputsComponentTest.php" tests="26" assertions="30" failures="0" errors="0" time="0.027366">
        <testsuite name="Martinus\Utils\Test\Controller\Component\InputsComponentTest::testBool" tests="9" assertions="9" failures="0" errors="0" time="0.001973">
          <testcase name="testBool with data set #0" assertions="1" time="0.000466"/>
          <testcase name="testBool with data set #1" assertions="1" time="0.000365"/>
          <testcase name="testBool with data set #2" assertions="1" time="0.000179"/>
          <testcase name="testBool with data set #3" assertions="1" time="0.000151"/>
          <testcase name="testBool with data set #4" assertions="1" time="0.000150"/>
          <testcase name="testBool with data set #5" assertions="1" time="0.000147"/>
          <testcase name="testBool with data set #6" assertions="1" time="0.000145"/>
          <testcase name="testBool with data set #7" assertions="1" time="0.000216"/>
          <testcase name="testBool with data set #8" assertions="1" time="0.000154"/>
        </testsuite>
        <testsuite name="Martinus\Utils\Test\Controller\Component\InputsComponentTest::testLocalizedDate" tests="3" assertions="3" failures="0" errors="0" time="0.021722">
          <testcase name="testLocalizedDate with data set #0" assertions="1" time="0.011078"/>
          <testcase name="testLocalizedDate with data set #1" assertions="1" time="0.010222"/>
          <testcase name="testLocalizedDate with data set #2" assertions="1" time="0.000422"/>
        </testsuite>
        <testsuite name="Martinus\Utils\Test\Controller\Component\InputsComponentTest::testISODate" tests="3" assertions="3" failures="0" errors="0" time="0.001126">
          <testcase name="testISODate with data set #0" assertions="1" time="0.000352"/>
          <testcase name="testISODate with data set #1" assertions="1" time="0.000402"/>
          <testcase name="testISODate with data set #2" assertions="1" time="0.000372"/>
        </testsuite>
        <testcase name="testValidInteger" class="Martinus\Utils\Test\Controller\Component\InputsComponentTest" file="/home/runner/work/martinus/martinus/martinus/cake3/src/Martinus/Utils/tests/Controller/Component/InputsComponentTest.php" line="105" assertions="3" time="0.000172"/>
        <testsuite name="Martinus\Utils\Test\Controller\Component\InputsComponentTest::testInvalidIntegers" tests="6" assertions="6" failures="0" errors="0" time="0.001565">
          <testcase name="testInvalidIntegers with data set #0" assertions="1" time="0.000521"/>
          <testcase name="testInvalidIntegers with data set #1" assertions="1" time="0.000219"/>
          <testcase name="testInvalidIntegers with data set #2" assertions="1" time="0.000207"/>
          <testcase name="testInvalidIntegers with data set #3" assertions="1" time="0.000204"/>
          <testcase name="testInvalidIntegers with data set #4" assertions="1" time="0.000199"/>
          <testcase name="testInvalidIntegers with data set #5" assertions="1" time="0.000215"/>
        </testsuite>
        <testcase name="testValidEnum" class="Martinus\Utils\Test\Controller\Component\InputsComponentTest" file="/home/runner/work/martinus/martinus/martinus/cake3/src/Martinus/Utils/tests/Controller/Component/InputsComponentTest.php" line="135" assertions="3" time="0.000175"/>
        <testsuite name="Martinus\Utils\Test\Controller\Component\InputsComponentTest::testInvalidEnums" tests="3" assertions="3" failures="0" errors="0" time="0.000633">
          <testcase name="testInvalidEnums with data set #0" assertions="1" time="0.000227"/>
          <testcase name="testInvalidEnums with data set #1" assertions="1" time="0.000204"/>
          <testcase name="testInvalidEnums with data set #2" assertions="1" time="0.000202"/>
        </testsuite>
      </testsuite>
      <testsuite name="Martinus\Utils\Test\Controller\Component\TrackingComponentTest" file="/home/runner/work/martinus/martinus/martinus/cake3/src/Martinus/Utils/tests/Controller/Component/TrackingComponentTest.php" tests="30" assertions="75" failures="0" errors="0" time="0.042580">
        <testcase name="testGetTrackingIdShouldGenerateNewIfNoneSent" class="Martinus\Utils\Test\Controller\Component\TrackingComponentTest" file="/home/runner/work/martinus/martinus/martinus/cake3/src/Martinus/Utils/tests/Controller/Component/TrackingComponentTest.php" line="74" assertions="1" time="0.003226"/>
        <testsuite name="Martinus\Utils\Test\Controller\Component\TrackingComponentTest::testGetTrackingIdShouldReadFromCookieIfValidCookieSent" tests="8" assertions="8" failures="0" errors="0" time="0.008505">
          <testcase name="testGetTrackingIdShouldReadFromCookieIfValidCookieSent with data set &quot;lcase&quot;" assertions="1" time="0.001105"/>
          <testcase name="testGetTrackingIdShouldReadFromCookieIfValidCookieSent with data set &quot;alnum&quot;" assertions="1" time="0.001046"/>
          <testcase name="testGetTrackingIdShouldReadFromCookieIfValidCookieSent with data set &quot;dash&quot;" assertions="1" time="0.001079"/>
          <testcase name="testGetTrackingIdShouldReadFromCookieIfValidCookieSent with data set &quot;under&quot;" assertions="1" time="0.001056"/>
          <testcase name="testGetTrackingIdShouldReadFromCookieIfValidCookieSent with data set &quot;past2&quot;" assertions="1" time="0.001049"/>
          <testcase name="testGetTrackingIdShouldReadFromCookieIfValidCookieSent with data set &quot;past3&quot;" assertions="1" time="0.001077"/>
          <testcase name="testGetTrackingIdShouldReadFromCookieIfValidCookieSent with data set &quot;now&quot;" assertions="1" time="0.001116"/>
          <testcase name="testGetTrackingIdShouldReadFromCookieIfValidCookieSent with data set &quot;nottime2&quot;" assertions="1" time="0.000977"/>
        </testsuite>
        <testsuite name="Martinus\Utils\Test\Controller\Component\TrackingComponentTest::testGetTrackingIdShouldGenerateNewIfInvalidCookieSent" tests="15" assertions="30" failures="0" errors="0" time="0.018233">
          <testcase name="testGetTrackingIdShouldGenerateNewIfInvalidCookieSent with data set &quot;short&quot;" assertions="2" time="0.001226"/>
          <testcase name="testGetTrackingIdShouldGenerateNewIfInvalidCookieSent with data set &quot;long&quot;" assertions="2" time="0.001226"/>
          <testcase name="testGetTrackingIdShouldGenerateNewIfInvalidCookieSent with data set &quot;char1&quot;" assertions="2" time="0.001150"/>
          <testcase name="testGetTrackingIdShouldGenerateNewIfInvalidCookieSent with data set &quot;char2&quot;" assertions="2" time="0.001225"/>
          <testcase name="testGetTrackingIdShouldGenerateNewIfInvalidCookieSent with data set &quot;char3&quot;" assertions="2" time="0.001186"/>
          <testcase name="testGetTrackingIdShouldGenerateNewIfInvalidCookieSent with data set &quot;char4&quot;" assertions="2" time="0.001273"/>
          <testcase name="testGetTrackingIdShouldGenerateNewIfInvalidCookieSent with data set &quot;sep1&quot;" assertions="2" time="0.001190"/>
          <testcase name="testGetTrackingIdShouldGenerateNewIfInvalidCookieSent with data set &quot;sep2&quot;" assertions="2" time="0.001134"/>
          <testcase name="testGetTrackingIdShouldGenerateNewIfInvalidCookieSent with data set &quot;sep3&quot;" assertions="2" time="0.001173"/>
          <testcase name="testGetTrackingIdShouldGenerateNewIfInvalidCookieSent with data set &quot;future1&quot;" assertions="2" time="0.001278"/>
          <testcase name="testGetTrackingIdShouldGenerateNewIfInvalidCookieSent with data set &quot;future2&quot;" assertions="2" time="0.001288"/>
          <testcase name="testGetTrackingIdShouldGenerateNewIfInvalidCookieSent with data set &quot;negative&quot;" assertions="2" time="0.001119"/>
          <testcase name="testGetTrackingIdShouldGenerateNewIfInvalidCookieSent with data set &quot;nottime1&quot;" assertions="2" time="0.001246"/>
          <testcase name="testGetTrackingIdShouldGenerateNewIfInvalidCookieSent with data set &quot;zerotime&quot;" assertions="2" time="0.001341"/>
          <testcase name="testGetTrackingIdShouldGenerateNewIfInvalidCookieSent with data set &quot;empty&quot;" assertions="2" time="0.001178"/>
        </testsuite>
        <testcase name="testShutdownShouldSetCookieIfNoneSent" class="Martinus\Utils\Test\Controller\Component\TrackingComponentTest" file="/home/runner/work/martinus/martinus/martinus/cake3/src/Martinus/Utils/tests/Controller/Component/TrackingComponentTest.php" line="111" assertions="7" time="0.003061"/>
        <testcase name="testShutdownShouldSetCookieIfValidCookieSent" class="Martinus\Utils\Test\Controller\Component\TrackingComponentTest" file="/home/runner/work/martinus/martinus/martinus/cake3/src/Martinus/Utils/tests/Controller/Component/TrackingComponentTest.php" line="119" assertions="7" time="0.002521"/>
        <testcase name="testShutdownShouldSetCookieIfInvalidCookieSent" class="Martinus\Utils\Test\Controller\Component\TrackingComponentTest" file="/home/runner/work/martinus/martinus/martinus/cake3/src/Martinus/Utils/tests/Controller/Component/TrackingComponentTest.php" line="132" assertions="7" time="0.002389"/>
        <testcase name="testNewTrackingIdShouldOverwriteIdFromCookie" class="Martinus\Utils\Test\Controller\Component\TrackingComponentTest" file="/home/runner/work/martinus/martinus/martinus/cake3/src/Martinus/Utils/tests/Controller/Component/TrackingComponentTest.php" line="144" assertions="1" time="0.002182"/>
        <testcase name="testShouldSetNewCookieEvenIfGetTrackingIdNotCalled" class="Martinus\Utils\Test\Controller\Component\TrackingComponentTest" file="/home/runner/work/martinus/martinus/martinus/cake3/src/Martinus/Utils/tests/Controller/Component/TrackingComponentTest.php" line="159" assertions="7" time="0.001143"/>
        <testcase name="testShouldReadAndSetCookieEvenIfGetTrackingIdNotCalled" class="Martinus\Utils\Test\Controller\Component\TrackingComponentTest" file="/home/runner/work/martinus/martinus/martinus/cake3/src/Martinus/Utils/tests/Controller/Component/TrackingComponentTest.php" line="167" assertions="7" time="0.001320"/>
      </testsuite>
      <testsuite name="Martinus\Utils\Test\Database\MysqlLockTest" file="/home/runner/work/martinus/martinus/martinus/cake3/src/Martinus/Utils/tests/Database/MysqlLockTest.php" tests="9" assertions="17" failures="0" errors="0" time="0.016806">
        <testcase name="testOnlyOneLockShouldBePossible" class="Martinus\Utils\Test\Database\MysqlLockTest" file="/home/runner/work/martinus/martinus/martinus/cake3/src/Martinus/Utils/tests/Database/MysqlLockTest.php" line="30" assertions="2" time="0.007579"/>
        <testcase name="testOnlyOneLockShouldBePossibleWithException" class="Martinus\Utils\Test\Database\MysqlLockTest" file="/home/runner/work/martinus/martinus/martinus/cake3/src/Martinus/Utils/tests/Database/MysqlLockTest.php" line="48" assertions="3" time="0.001436"/>
        <testcase name="testReleaseLockShouldAllowNextLockToBeObtained" class="Martinus\Utils\Test\Database\MysqlLockTest" file="/home/runner/work/martinus/martinus/martinus/cake3/src/Martinus/Utils/tests/Database/MysqlLockTest.php" line="70" assertions="3" time="0.001431"/>
        <testcase name="testReleaseLockSilent" class="Martinus\Utils\Test\Database\MysqlLockTest" file="/home/runner/work/martinus/martinus/martinus/cake3/src/Martinus/Utils/tests/Database/MysqlLockTest.php" line="90" assertions="1" time="0.000469"/>
        <testcase name="testReleaseLockWithException" class="Martinus\Utils\Test\Database\MysqlLockTest" file="/home/runner/work/martinus/martinus/martinus/cake3/src/Martinus/Utils/tests/Database/MysqlLockTest.php" line="100" assertions="2" time="0.000743"/>
        <testcase name="testLockedShouldExecuteCallableAndReleaseLock" class="Martinus\Utils\Test\Database\MysqlLockTest" file="/home/runner/work/martinus/martinus/martinus/cake3/src/Martinus/Utils/tests/Database/MysqlLockTest.php" line="113" assertions="2" time="0.001405"/>
        <testcase name="testLockedShouldCrashIfItFailsToObtainLock" class="Martinus\Utils\Test\Database\MysqlLockTest" file="/home/runner/work/martinus/martinus/martinus/cake3/src/Martinus/Utils/tests/Database/MysqlLockTest.php" line="134" assertions="2" time="0.001136"/>
        <testcase name="testLockedShouldReturnDefaultIfSilendAndItFailsToObtainLock" class="Martinus\Utils\Test\Database\MysqlLockTest" file="/home/runner/work/martinus/martinus/martinus/cake3/src/Martinus/Utils/tests/Database/MysqlLockTest.php" line="161" assertions="1" time="0.001167"/>
        <testcase name="testLockedShouldReleaseLockIfCallableCrashes" class="Martinus\Utils\Test\Database\MysqlLockTest" file="/home/runner/work/martinus/martinus/martinus/cake3/src/Martinus/Utils/tests/Database/MysqlLockTest.php" line="185" assertions="1" time="0.001440"/>
      </testsuite>
      <testsuite name="Martinus\Utils\Test\File\CsvParserTest" file="/home/runner/work/martinus/martinus/martinus/cake3/src/Martinus/Utils/tests/File/CsvParserTest.php" tests="3" assertions="10" failures="0" errors="0" time="0.004652">
        <testcase name="testDelimiters" class="Martinus\Utils\Test\File\CsvParserTest" file="/home/runner/work/martinus/martinus/martinus/cake3/src/Martinus/Utils/tests/File/CsvParserTest.php" line="17" assertions="4" time="0.002893"/>
        <testcase name="testEncoding" class="Martinus\Utils\Test\File\CsvParserTest" file="/home/runner/work/martinus/martinus/martinus/cake3/src/Martinus/Utils/tests/File/CsvParserTest.php" line="52" assertions="3" time="0.000924"/>
        <testcase name="testHeader" class="Martinus\Utils\Test\File\CsvParserTest" file="/home/runner/work/martinus/martinus/martinus/cake3/src/Martinus/Utils/tests/File/CsvParserTest.php" line="82" assertions="3" time="0.000835"/>
      </testsuite>
      <testsuite name="Martinus\Utils\Test\File\ParserTest" file="/home/runner/work/martinus/martinus/martinus/cake3/src/Martinus/Utils/tests/File/ParserTest.php" tests="2" assertions="5" failures="0" errors="0" time="0.002519">
        <testcase name="testTypesStringFloatDateCallable" class="Martinus\Utils\Test\File\ParserTest" file="/home/runner/work/martinus/martinus/martinus/cake3/src/Martinus/Utils/tests/File/ParserTest.php" line="10" assertions="3" time="0.001811"/>
        <testcase name="testPostprocessing" class="Martinus\Utils\Test\File\ParserTest" file="/home/runner/work/martinus/martinus/martinus/cake3/src/Martinus/Utils/tests/File/ParserTest.php" line="34" assertions="2" time="0.000708"/>
      </testsuite>
      <testsuite name="Martinus\Utils\Test\Lib\Analytics\DataLayerTest" file="/home/runner/work/martinus/martinus/martinus/cake3/src/Martinus/Utils/tests/Lib/Analytics/DataLayerTest.php" tests="4" assertions="11" failures="0" errors="0" time="0.149539">
        <testcase name="testGetBaseValue" class="Martinus\Utils\Test\Lib\Analytics\DataLayerTest" file="/home/runner/work/martinus/martinus/martinus/cake3/src/Martinus/Utils/tests/Lib/Analytics/DataLayerTest.php" line="23" assertions="3" time="0.000291"/>
        <testcase name="testPurchase" class="Martinus\Utils\Test\Lib\Analytics\DataLayerTest" file="/home/runner/work/martinus/martinus/martinus/cake3/src/Martinus/Utils/tests/Lib/Analytics/DataLayerTest.php" line="31" assertions="5" time="0.148703"/>
        <testcase name="testGetGetBasePriceFromProducts" class="Martinus\Utils\Test\Lib\Analytics\DataLayerTest" file="/home/runner/work/martinus/martinus/martinus/cake3/src/Martinus/Utils/tests/Lib/Analytics/DataLayerTest.php" line="105" assertions="2" time="0.000309"/>
        <testcase name="testGetDiscount" class="Martinus\Utils\Test\Lib\Analytics\DataLayerTest" file="/home/runner/work/martinus/martinus/martinus/cake3/src/Martinus/Utils/tests/Lib/Analytics/DataLayerTest.php" line="125" assertions="1" time="0.000236"/>
      </testsuite>
      <testsuite name="Martinus\Utils\Test\Lib\Analytics\GoogleClientTest" file="/home/runner/work/martinus/martinus/martinus/cake3/src/Martinus/Utils/tests/Lib/Analytics/GoogleClientTest.php" tests="3" assertions="3" failures="0" errors="0" time="0.000643">
        <testsuite name="Martinus\Utils\Test\Lib\Analytics\GoogleClientTest::testGetId" tests="3" assertions="3" failures="0" errors="0" time="0.000643">
          <testcase name="testGetId with data set #0" assertions="1" time="0.000367"/>
          <testcase name="testGetId with data set #1" assertions="1" time="0.000143"/>
          <testcase name="testGetId with data set #2" assertions="1" time="0.000133"/>
        </testsuite>
      </testsuite>
      <testsuite name="Martinus\Utils\Test\Lib\Analytics\HeurekaTest" file="/home/runner/work/martinus/martinus/martinus/cake3/src/Martinus/Utils/tests/Lib/Analytics/HeurekaTest.php" tests="6" assertions="6" failures="0" errors="0" time="0.001133">
        <testsuite name="Martinus\Utils\Test\Lib\Analytics\HeurekaTest::testGetId" tests="3" assertions="3" failures="0" errors="0" time="0.000555">
          <testcase name="testGetId with data set #0" assertions="1" time="0.000261"/>
          <testcase name="testGetId with data set #1" assertions="1" time="0.000149"/>
          <testcase name="testGetId with data set #2" assertions="1" time="0.000145"/>
        </testsuite>
        <testsuite name="Martinus\Utils\Test\Lib\Analytics\HeurekaTest::testGetIdInvalid" tests="3" assertions="3" failures="0" errors="0" time="0.000578">
          <testcase name="testGetIdInvalid with data set #0" assertions="1" time="0.000207"/>
          <testcase name="testGetIdInvalid with data set #1" assertions="1" time="0.000196"/>
          <testcase name="testGetIdInvalid with data set #2" assertions="1" time="0.000175"/>
        </testsuite>
      </testsuite>
      <testsuite name="Martinus\Utils\Test\Lib\PhpTest" file="/home/runner/work/martinus/martinus/martinus/cake3/src/Martinus/Utils/tests/Lib/PhpTest.php" tests="11" assertions="15" failures="0" errors="0" time="0.005572">
        <testsuite name="Martinus\Utils\Test\Lib\PhpTest::testConstructorShouldThrowExceptionOnString" tests="4" assertions="8" failures="0" errors="0" time="0.001066">
          <testcase name="testConstructorShouldThrowExceptionOnString with data set #0" assertions="2" time="0.000459"/>
          <testcase name="testConstructorShouldThrowExceptionOnString with data set #1" assertions="2" time="0.000228"/>
          <testcase name="testConstructorShouldThrowExceptionOnString with data set #2" assertions="2" time="0.000196"/>
          <testcase name="testConstructorShouldThrowExceptionOnString with data set #3" assertions="2" time="0.000183"/>
        </testsuite>
        <testsuite name="Martinus\Utils\Test\Lib\PhpTest::testIsTestCase" tests="2" assertions="2" failures="0" errors="0" time="0.000269">
          <testcase name="testIsTestCase with data set #0" assertions="1" time="0.000139"/>
          <testcase name="testIsTestCase with data set #1" assertions="1" time="0.000130"/>
        </testsuite>
        <testsuite name="Martinus\Utils\Test\Lib\PhpTest::testFromEnv" tests="2" assertions="2" failures="0" errors="0" time="0.000270">
          <testcase name="testFromEnv with data set #0" assertions="1" time="0.000139"/>
          <testcase name="testFromEnv with data set #1" assertions="1" time="0.000131"/>
        </testsuite>
        <testcase name="testFromEnvShouldBeFalseWhenUndefined" class="Martinus\Utils\Test\Lib\PhpTest" file="/home/runner/work/martinus/martinus/martinus/cake3/src/Martinus/Utils/tests/Lib/PhpTest.php" line="49" assertions="1" time="0.000138"/>
        <testcase name="testSetTimeoutShouldSetTimeout" class="Martinus\Utils\Test\Lib\PhpTest" file="/home/runner/work/martinus/martinus/martinus/cake3/src/Martinus/Utils/tests/Lib/PhpTest.php" line="82" assertions="1" time="0.000196"/>
        <testcase name="testSetTimeoutShouldSkipForTestCase" class="Martinus\Utils\Test\Lib\PhpTest" file="/home/runner/work/martinus/martinus/martinus/cake3/src/Martinus/Utils/tests/Lib/PhpTest.php" line="95" assertions="1" time="0.003633"/>
      </testsuite>
      <testsuite name="Martinus\Utils\Test\Lib\TodoOrDieTest" file="/home/runner/work/martinus/martinus/martinus/cake3/src/Martinus/Utils/tests/Lib/TodoOrDieTest.php" tests="4" assertions="4" failures="0" errors="0" time="0.001476">
        <testcase name="testDoNothing" class="Martinus\Utils\Test\Lib\TodoOrDieTest" file="/home/runner/work/martinus/martinus/martinus/cake3/src/Martinus/Utils/tests/Lib/TodoOrDieTest.php" line="22" assertions="1" time="0.000318"/>
        <testcase name="testDie" class="Martinus\Utils\Test\Lib\TodoOrDieTest" file="/home/runner/work/martinus/martinus/martinus/cake3/src/Martinus/Utils/tests/Lib/TodoOrDieTest.php" line="30" assertions="1" time="0.000365"/>
        <testcase name="testWeekendNeverDie" class="Martinus\Utils\Test\Lib\TodoOrDieTest" file="/home/runner/work/martinus/martinus/martinus/cake3/src/Martinus/Utils/tests/Lib/TodoOrDieTest.php" line="38" assertions="1" time="0.000427"/>
        <testcase name="testJustMondayDie" class="Martinus\Utils\Test\Lib\TodoOrDieTest" file="/home/runner/work/martinus/martinus/martinus/cake3/src/Martinus/Utils/tests/Lib/TodoOrDieTest.php" line="46" assertions="1" time="0.000366"/>
      </testsuite>
      <testsuite name="Martinus\Utils\Test\MbTest" file="/home/runner/work/martinus/martinus/martinus/cake3/src/Martinus/Utils/tests/MbTest.php" tests="19" assertions="20" failures="0" errors="0" time="0.003524">
        <testsuite name="Martinus\Utils\Test\MbTest::testIsConvertible" tests="3" assertions="3" failures="0" errors="0" time="0.000576">
          <testcase name="testIsConvertible with data set #0" assertions="1" time="0.000373"/>
          <testcase name="testIsConvertible with data set #1" assertions="1" time="0.000101"/>
          <testcase name="testIsConvertible with data set #2" assertions="1" time="0.000102"/>
        </testsuite>
        <testsuite name="Martinus\Utils\Test\MbTest::testExplode" tests="7" assertions="7" failures="0" errors="0" time="0.000654">
          <testcase name="testExplode with data set #0" assertions="1" time="0.000127"/>
          <testcase name="testExplode with data set #1" assertions="1" time="0.000109"/>
          <testcase name="testExplode with data set #2" assertions="1" time="0.000096"/>
          <testcase name="testExplode with data set #3" assertions="1" time="0.000099"/>
          <testcase name="testExplode with data set #4" assertions="1" time="0.000076"/>
          <testcase name="testExplode with data set #5" assertions="1" time="0.000074"/>
          <testcase name="testExplode with data set #6" assertions="1" time="0.000073"/>
        </testsuite>
        <testsuite name="Martinus\Utils\Test\MbTest::testStrlen" tests="2" assertions="2" failures="0" errors="0" time="0.000147">
          <testcase name="testStrlen with data set #0" assertions="1" time="0.000076"/>
          <testcase name="testStrlen with data set #1" assertions="1" time="0.000071"/>
        </testsuite>
        <testsuite name="Martinus\Utils\Test\MbTest::testSubstr" tests="4" assertions="4" failures="0" errors="0" time="0.000294">
          <testcase name="testSubstr with data set #0" assertions="1" time="0.000081"/>
          <testcase name="testSubstr with data set #1" assertions="1" time="0.000073"/>
          <testcase name="testSubstr with data set #2" assertions="1" time="0.000070"/>
          <testcase name="testSubstr with data set #3" assertions="1" time="0.000070"/>
        </testsuite>
        <testsuite name="Martinus\Utils\Test\MbTest::testPadLeft" tests="2" assertions="2" failures="0" errors="0" time="0.001709">
          <testcase name="testPadLeft with data set #0" assertions="1" time="0.001601"/>
          <testcase name="testPadLeft with data set #1" assertions="1" time="0.000108"/>
        </testsuite>
        <testcase name="testCheckAndConvert" class="Martinus\Utils\Test\MbTest" file="/home/runner/work/martinus/martinus/martinus/cake3/src/Martinus/Utils/tests/MbTest.php" line="134" assertions="2" time="0.000144"/>
      </testsuite>
      <testsuite name="Martinus\Utils\Test\Model\Table\SequenceNumbersTableTest" file="/home/runner/work/martinus/martinus/martinus/cake3/src/Martinus/Utils/tests/Model/Table/SequenceNumbersTableTest.php" tests="5" assertions="15" failures="0" errors="0" time="0.027147">
        <testcase name="testInitializationDuplicity" class="Martinus\Utils\Test\Model\Table\SequenceNumbersTableTest" file="/home/runner/work/martinus/martinus/martinus/cake3/src/Martinus/Utils/tests/Model/Table/SequenceNumbersTableTest.php" line="22" assertions="1" time="0.004908"/>
        <testcase name="testInitializationMultipleEntries" class="Martinus\Utils\Test\Model\Table\SequenceNumbersTableTest" file="/home/runner/work/martinus/martinus/martinus/cake3/src/Martinus/Utils/tests/Model/Table/SequenceNumbersTableTest.php" line="43" assertions="1" time="0.002945"/>
        <testcase name="testInitialization" class="Martinus\Utils\Test\Model\Table\SequenceNumbersTableTest" file="/home/runner/work/martinus/martinus/martinus/cake3/src/Martinus/Utils/tests/Model/Table/SequenceNumbersTableTest.php" line="65" assertions="1" time="0.002014"/>
        <testcase name="testProperlyCounting" class="Martinus\Utils\Test\Model\Table\SequenceNumbersTableTest" file="/home/runner/work/martinus/martinus/martinus/cake3/src/Martinus/Utils/tests/Model/Table/SequenceNumbersTableTest.php" line="78" assertions="9" time="0.009815"/>
        <testcase name="testFadingSequence" class="Martinus\Utils\Test\Model\Table\SequenceNumbersTableTest" file="/home/runner/work/martinus/martinus/martinus/cake3/src/Martinus/Utils/tests/Model/Table/SequenceNumbersTableTest.php" line="120" assertions="3" time="0.007465"/>
      </testsuite>
      <testsuite name="Martinus\Utils\Test\Product\EAN\EANTest" file="/home/runner/work/martinus/martinus/martinus/cake3/src/Martinus/Utils/tests/Product/EAN/EANTest.php" tests="2" assertions="2" failures="0" errors="0" time="0.000310">
        <testcase name="testToStringShouldReturnInput" class="Martinus\Utils\Test\Product\EAN\EANTest" file="/home/runner/work/martinus/martinus/martinus/cake3/src/Martinus/Utils/tests/Product/EAN/EANTest.php" line="10" assertions="1" time="0.000225"/>
        <testcase name="testAsNumberShouldReturnStringWithoutLeadingZeros" class="Martinus\Utils\Test\Product\EAN\EANTest" file="/home/runner/work/martinus/martinus/martinus/cake3/src/Martinus/Utils/tests/Product/EAN/EANTest.php" line="16" assertions="1" time="0.000085"/>
      </testsuite>
      <testsuite name="Martinus\Utils\Test\Product\EAN\EANValidatorTest" file="/home/runner/work/martinus/martinus/martinus/cake3/src/Martinus/Utils/tests/Product/EAN/EANValidatorTest.php" tests="19" assertions="22" failures="0" errors="0" time="0.001706">
        <testsuite name="Martinus\Utils\Test\Product\EAN\EANValidatorTest::testShouldLookLikeEAN" tests="3" assertions="6" failures="0" errors="0" time="0.000544">
          <testcase name="testShouldLookLikeEAN with data set #0" assertions="2" time="0.000339"/>
          <testcase name="testShouldLookLikeEAN with data set #1" assertions="2" time="0.000114"/>
          <testcase name="testShouldLookLikeEAN with data set #2" assertions="2" time="0.000091"/>
        </testsuite>
        <testsuite name="Martinus\Utils\Test\Product\EAN\EANValidatorTest::testShouldNotLookLikeISBN" tests="16" assertions="16" failures="0" errors="0" time="0.001162">
          <testcase name="testShouldNotLookLikeISBN with data set #0" assertions="1" time="0.000091"/>
          <testcase name="testShouldNotLookLikeISBN with data set #1" assertions="1" time="0.000069"/>
          <testcase name="testShouldNotLookLikeISBN with data set #2" assertions="1" time="0.000073"/>
          <testcase name="testShouldNotLookLikeISBN with data set #3" assertions="1" time="0.000067"/>
          <testcase name="testShouldNotLookLikeISBN with data set #4" assertions="1" time="0.000070"/>
          <testcase name="testShouldNotLookLikeISBN with data set #5" assertions="1" time="0.000070"/>
          <testcase name="testShouldNotLookLikeISBN with data set #6" assertions="1" time="0.000073"/>
          <testcase name="testShouldNotLookLikeISBN with data set #7" assertions="1" time="0.000070"/>
          <testcase name="testShouldNotLookLikeISBN with data set #8" assertions="1" time="0.000069"/>
          <testcase name="testShouldNotLookLikeISBN with data set #9" assertions="1" time="0.000070"/>
          <testcase name="testShouldNotLookLikeISBN with data set #10" assertions="1" time="0.000071"/>
          <testcase name="testShouldNotLookLikeISBN with data set #11" assertions="1" time="0.000068"/>
          <testcase name="testShouldNotLookLikeISBN with data set #12" assertions="1" time="0.000070"/>
          <testcase name="testShouldNotLookLikeISBN with data set #13" assertions="1" time="0.000086"/>
          <testcase name="testShouldNotLookLikeISBN with data set #14" assertions="1" time="0.000074"/>
          <testcase name="testShouldNotLookLikeISBN with data set #15" assertions="1" time="0.000071"/>
        </testsuite>
      </testsuite>
      <testsuite name="Martinus\Utils\Test\Product\ISBN\ISBNTest" file="/home/runner/work/martinus/martinus/martinus/cake3/src/Martinus/Utils/tests/Product/ISBN/ISBNTest.php" tests="1" assertions="1" failures="0" errors="0" time="0.000091">
        <testcase name="testToStringShouldReturnInput" class="Martinus\Utils\Test\Product\ISBN\ISBNTest" file="/home/runner/work/martinus/martinus/martinus/cake3/src/Martinus/Utils/tests/Product/ISBN/ISBNTest.php" line="10" assertions="1" time="0.000091"/>
      </testsuite>
      <testsuite name="Martinus\Utils\Test\Product\ISBN\ISBNValidatorTest" file="/home/runner/work/martinus/martinus/martinus/cake3/src/Martinus/Utils/tests/Product/ISBN/ISBNValidatorTest.php" tests="41" assertions="55" failures="0" errors="0" time="0.003921">
        <testsuite name="Martinus\Utils\Test\Product\ISBN\ISBNValidatorTest::testShouldLookLikeISBN" tests="14" assertions="28" failures="0" errors="0" time="0.001742">
          <testcase name="testShouldLookLikeISBN with data set #0" assertions="2" time="0.000381"/>
          <testcase name="testShouldLookLikeISBN with data set #1" assertions="2" time="0.000113"/>
          <testcase name="testShouldLookLikeISBN with data set #2" assertions="2" time="0.000107"/>
          <testcase name="testShouldLookLikeISBN with data set #3" assertions="2" time="0.000101"/>
          <testcase name="testShouldLookLikeISBN with data set #4" assertions="2" time="0.000099"/>
          <testcase name="testShouldLookLikeISBN with data set #5" assertions="2" time="0.000095"/>
          <testcase name="testShouldLookLikeISBN with data set #6" assertions="2" time="0.000095"/>
          <testcase name="testShouldLookLikeISBN with data set #7" assertions="2" time="0.000124"/>
          <testcase name="testShouldLookLikeISBN with data set #8" assertions="2" time="0.000139"/>
          <testcase name="testShouldLookLikeISBN with data set #9" assertions="2" time="0.000097"/>
          <testcase name="testShouldLookLikeISBN with data set #10" assertions="2" time="0.000096"/>
          <testcase name="testShouldLookLikeISBN with data set #11" assertions="2" time="0.000097"/>
          <testcase name="testShouldLookLikeISBN with data set #12" assertions="2" time="0.000100"/>
          <testcase name="testShouldLookLikeISBN with data set #13" assertions="2" time="0.000098"/>
        </testsuite>
        <testsuite name="Martinus\Utils\Test\Product\ISBN\ISBNValidatorTest::testShouldNotLookLikeISBN" tests="27" assertions="27" failures="0" errors="0" time="0.002179">
          <testcase name="testShouldNotLookLikeISBN with data set #0" assertions="1" time="0.000085"/>
          <testcase name="testShouldNotLookLikeISBN with data set #1" assertions="1" time="0.000080"/>
          <testcase name="testShouldNotLookLikeISBN with data set #2" assertions="1" time="0.000079"/>
          <testcase name="testShouldNotLookLikeISBN with data set #3" assertions="1" time="0.000076"/>
          <testcase name="testShouldNotLookLikeISBN with data set #4" assertions="1" time="0.000078"/>
          <testcase name="testShouldNotLookLikeISBN with data set #5" assertions="1" time="0.000077"/>
          <testcase name="testShouldNotLookLikeISBN with data set #6" assertions="1" time="0.000078"/>
          <testcase name="testShouldNotLookLikeISBN with data set #7" assertions="1" time="0.000082"/>
          <testcase name="testShouldNotLookLikeISBN with data set #8" assertions="1" time="0.000078"/>
          <testcase name="testShouldNotLookLikeISBN with data set #9" assertions="1" time="0.000084"/>
          <testcase name="testShouldNotLookLikeISBN with data set #10" assertions="1" time="0.000082"/>
          <testcase name="testShouldNotLookLikeISBN with data set #11" assertions="1" time="0.000084"/>
          <testcase name="testShouldNotLookLikeISBN with data set #12" assertions="1" time="0.000078"/>
          <testcase name="testShouldNotLookLikeISBN with data set #13" assertions="1" time="0.000078"/>
          <testcase name="testShouldNotLookLikeISBN with data set #14" assertions="1" time="0.000084"/>
          <testcase name="testShouldNotLookLikeISBN with data set #15" assertions="1" time="0.000081"/>
          <testcase name="testShouldNotLookLikeISBN with data set #16" assertions="1" time="0.000080"/>
          <testcase name="testShouldNotLookLikeISBN with data set #17" assertions="1" time="0.000077"/>
          <testcase name="testShouldNotLookLikeISBN with data set #18" assertions="1" time="0.000080"/>
          <testcase name="testShouldNotLookLikeISBN with data set #19" assertions="1" time="0.000078"/>
          <testcase name="testShouldNotLookLikeISBN with data set #20" assertions="1" time="0.000077"/>
          <testcase name="testShouldNotLookLikeISBN with data set #21" assertions="1" time="0.000078"/>
          <testcase name="testShouldNotLookLikeISBN with data set #22" assertions="1" time="0.000102"/>
          <testcase name="testShouldNotLookLikeISBN with data set #23" assertions="1" time="0.000083"/>
          <testcase name="testShouldNotLookLikeISBN with data set #24" assertions="1" time="0.000081"/>
          <testcase name="testShouldNotLookLikeISBN with data set #25" assertions="1" time="0.000082"/>
          <testcase name="testShouldNotLookLikeISBN with data set #26" assertions="1" time="0.000077"/>
        </testsuite>
      </testsuite>
      <testsuite name="Martinus\Utils\Test\TestCase\Model\Table\ApplicationLogTableTest" file="/home/runner/work/martinus/martinus/martinus/cake3/src/Martinus/Utils/tests/TestCase/Model/Table/ApplicationLogTableTest.php" tests="0" assertions="0" failures="0" errors="0" time="0.000000"/>
      <testsuite name="Martinus\Utils\Test\TestCase\Money\MoneyParserTest" file="/home/runner/work/martinus/martinus/martinus/cake3/src/Martinus/Utils/tests/TestCase/Money/MoneyParserTest.php" tests="36" assertions="39" failures="0" errors="0" time="0.007348">
        <testcase name="testConstructShouldThrowExceptionForUnknownCurrency" class="Martinus\Utils\Test\TestCase\Money\MoneyParserTest" file="/home/runner/work/martinus/martinus/martinus/cake3/src/Martinus/Utils/tests/TestCase/Money/MoneyParserTest.php" line="12" assertions="2" time="0.000316"/>
        <testsuite name="Martinus\Utils\Test\TestCase\Money\MoneyParserTest::testParseDecimalShouldParseValidDecimalStrings" tests="15" assertions="15" failures="0" errors="0" time="0.003070">
          <testcase name="testParseDecimalShouldParseValidDecimalStrings with data set #0" assertions="1" time="0.000305"/>
          <testcase name="testParseDecimalShouldParseValidDecimalStrings with data set #1" assertions="1" time="0.000209"/>
          <testcase name="testParseDecimalShouldParseValidDecimalStrings with data set #2" assertions="1" time="0.000200"/>
          <testcase name="testParseDecimalShouldParseValidDecimalStrings with data set #3" assertions="1" time="0.000198"/>
          <testcase name="testParseDecimalShouldParseValidDecimalStrings with data set #4" assertions="1" time="0.000199"/>
          <testcase name="testParseDecimalShouldParseValidDecimalStrings with data set #5" assertions="1" time="0.000198"/>
          <testcase name="testParseDecimalShouldParseValidDecimalStrings with data set #6" assertions="1" time="0.000205"/>
          <testcase name="testParseDecimalShouldParseValidDecimalStrings with data set #7" assertions="1" time="0.000197"/>
          <testcase name="testParseDecimalShouldParseValidDecimalStrings with data set #8" assertions="1" time="0.000221"/>
          <testcase name="testParseDecimalShouldParseValidDecimalStrings with data set #9" assertions="1" time="0.000203"/>
          <testcase name="testParseDecimalShouldParseValidDecimalStrings with data set #10" assertions="1" time="0.000202"/>
          <testcase name="testParseDecimalShouldParseValidDecimalStrings with data set #11" assertions="1" time="0.000191"/>
          <testcase name="testParseDecimalShouldParseValidDecimalStrings with data set #12" assertions="1" time="0.000181"/>
          <testcase name="testParseDecimalShouldParseValidDecimalStrings with data set #13" assertions="1" time="0.000179"/>
          <testcase name="testParseDecimalShouldParseValidDecimalStrings with data set #14" assertions="1" time="0.000181"/>
        </testsuite>
        <testsuite name="Martinus\Utils\Test\TestCase\Money\MoneyParserTest::testParseDecimalShouldNotParseInvalidDecimalStrings" tests="17" assertions="17" failures="0" errors="0" time="0.003213">
          <testcase name="testParseDecimalShouldNotParseInvalidDecimalStrings with data set #0" assertions="1" time="0.000187"/>
          <testcase name="testParseDecimalShouldNotParseInvalidDecimalStrings with data set #1" assertions="1" time="0.000198"/>
          <testcase name="testParseDecimalShouldNotParseInvalidDecimalStrings with data set #2" assertions="1" time="0.000191"/>
          <testcase name="testParseDecimalShouldNotParseInvalidDecimalStrings with data set #3" assertions="1" time="0.000189"/>
          <testcase name="testParseDecimalShouldNotParseInvalidDecimalStrings with data set #4" assertions="1" time="0.000210"/>
          <testcase name="testParseDecimalShouldNotParseInvalidDecimalStrings with data set #5" assertions="1" time="0.000159"/>
          <testcase name="testParseDecimalShouldNotParseInvalidDecimalStrings with data set #6" assertions="1" time="0.000177"/>
          <testcase name="testParseDecimalShouldNotParseInvalidDecimalStrings with data set #7" assertions="1" time="0.000198"/>
          <testcase name="testParseDecimalShouldNotParseInvalidDecimalStrings with data set #8" assertions="1" time="0.000200"/>
          <testcase name="testParseDecimalShouldNotParseInvalidDecimalStrings with data set #9" assertions="1" time="0.000211"/>
          <testcase name="testParseDecimalShouldNotParseInvalidDecimalStrings with data set #10" assertions="1" time="0.000207"/>
          <testcase name="testParseDecimalShouldNotParseInvalidDecimalStrings with data set #11" assertions="1" time="0.000184"/>
          <testcase name="testParseDecimalShouldNotParseInvalidDecimalStrings with data set #12" assertions="1" time="0.000183"/>
          <testcase name="testParseDecimalShouldNotParseInvalidDecimalStrings with data set #13" assertions="1" time="0.000185"/>
          <testcase name="testParseDecimalShouldNotParseInvalidDecimalStrings with data set #14" assertions="1" time="0.000194"/>
          <testcase name="testParseDecimalShouldNotParseInvalidDecimalStrings with data set #15" assertions="1" time="0.000184"/>
          <testcase name="testParseDecimalShouldNotParseInvalidDecimalStrings with data set #16" assertions="1" time="0.000156"/>
        </testsuite>
        <testcase name="testParseDecimalShouldUseCurrencySubunits" class="Martinus\Utils\Test\TestCase\Money\MoneyParserTest" file="/home/runner/work/martinus/martinus/martinus/cake3/src/Martinus/Utils/tests/TestCase/Money/MoneyParserTest.php" line="87" assertions="3" time="0.000378"/>
        <testcase name="testParseFloat" class="Martinus\Utils\Test\TestCase\Money\MoneyParserTest" file="/home/runner/work/martinus/martinus/martinus/cake3/src/Martinus/Utils/tests/TestCase/Money/MoneyParserTest.php" line="101" assertions="1" time="0.000165"/>
        <testcase name="testFromFloat" class="Martinus\Utils\Test\TestCase\Money\MoneyParserTest" file="/home/runner/work/martinus/martinus/martinus/cake3/src/Martinus/Utils/tests/TestCase/Money/MoneyParserTest.php" line="107" assertions="1" time="0.000206"/>
      </testsuite>
      <testsuite name="Martinus\Utils\Test\Time\DateParserTest" file="/home/runner/work/martinus/martinus/martinus/cake3/src/Martinus/Utils/tests/Time/DateParserTest.php" tests="4" assertions="4" failures="0" errors="0" time="0.000938">
        <testcase name="testValidDashedDate" class="Martinus\Utils\Test\Time\DateParserTest" file="/home/runner/work/martinus/martinus/martinus/cake3/src/Martinus/Utils/tests/Time/DateParserTest.php" line="12" assertions="1" time="0.000346"/>
        <testcase name="testValidDashedDateBratislavaTimezone" class="Martinus\Utils\Test\Time\DateParserTest" file="/home/runner/work/martinus/martinus/martinus/cake3/src/Martinus/Utils/tests/Time/DateParserTest.php" line="17" assertions="1" time="0.000202"/>
        <testcase name="testInvalidDashedDate" class="Martinus\Utils\Test\Time\DateParserTest" file="/home/runner/work/martinus/martinus/martinus/cake3/src/Martinus/Utils/tests/Time/DateParserTest.php" line="22" assertions="1" time="0.000227"/>
        <testcase name="testValidSlovakMonthAndYearDate" class="Martinus\Utils\Test\Time\DateParserTest" file="/home/runner/work/martinus/martinus/martinus/cake3/src/Martinus/Utils/tests/Time/DateParserTest.php" line="28" assertions="1" time="0.000163"/>
      </testsuite>
      <testsuite name="Martinus\Utils\Test\Time\TimeRangeIteratorTest" file="/home/runner/work/martinus/martinus/martinus/cake3/src/Martinus/Utils/tests/Time/TimeRangeIteratorTest.php" tests="6" assertions="7" failures="0" errors="0" time="0.001950">
        <testsuite name="Martinus\Utils\Test\Time\TimeRangeIteratorTest::testShouldIterateCorrectly" tests="5" assertions="5" failures="0" errors="0" time="0.001649">
          <testcase name="testShouldIterateCorrectly with data set &quot;minutes&quot;" assertions="1" time="0.000650"/>
          <testcase name="testShouldIterateCorrectly with data set &quot;days&quot;" assertions="1" time="0.000278"/>
          <testcase name="testShouldIterateCorrectly with data set &quot;weeks&quot;" assertions="1" time="0.000255"/>
          <testcase name="testShouldIterateCorrectly with data set &quot;months&quot;" assertions="1" time="0.000207"/>
          <testcase name="testShouldIterateCorrectly with data set &quot;years&quot;" assertions="1" time="0.000259"/>
        </testsuite>
        <testcase name="testShouldWorkAsCollection" class="Martinus\Utils\Test\Time\TimeRangeIteratorTest" file="/home/runner/work/martinus/martinus/martinus/cake3/src/Martinus/Utils/tests/Time/TimeRangeIteratorTest.php" line="82" assertions="2" time="0.000301"/>
      </testsuite>
    </testsuite>
    <testsuite name="Martinus/Auth" tests="16" assertions="43" failures="0" errors="0" time="7.788445">
      <testsuite name="Martinus\Auth\Test\Controller\SessionsEshopControllerTest" file="/home/runner/work/martinus/martinus/martinus/cake3/src/Martinus/Auth/tests/Controller/SessionsEshopControllerTest.php" tests="16" assertions="43" failures="0" errors="0" time="7.788445">
        <testcase name="testLoginForm" class="Martinus\Auth\Test\Controller\SessionsEshopControllerTest" file="/home/runner/work/martinus/martinus/martinus/cake3/src/Martinus/Auth/tests/Controller/SessionsEshopControllerTest.php" line="43" assertions="6" time="1.052513"/>
        <testcase name="testAlreadyLoggedIn" class="Martinus\Auth\Test\Controller\SessionsEshopControllerTest" file="/home/runner/work/martinus/martinus/martinus/cake3/src/Martinus/Auth/tests/Controller/SessionsEshopControllerTest.php" line="52" assertions="1" time="0.187027"/>
        <testcase name="testNoPassword" class="Martinus\Auth\Test\Controller\SessionsEshopControllerTest" file="/home/runner/work/martinus/martinus/martinus/cake3/src/Martinus/Auth/tests/Controller/SessionsEshopControllerTest.php" line="65" assertions="2" time="0.733829"/>
        <testsuite name="Martinus\Auth\Test\Controller\SessionsEshopControllerTest::testInvalidPassword" tests="3" assertions="9" failures="0" errors="0" time="2.493872">
          <testcase name="testInvalidPassword with data set #0" assertions="3" time="0.826610"/>
          <testcase name="testInvalidPassword with data set #1" assertions="3" time="0.838409"/>
          <testcase name="testInvalidPassword with data set #2" assertions="3" time="0.828853"/>
        </testsuite>
        <testcase name="testNotExistingEmail" class="Martinus\Auth\Test\Controller\SessionsEshopControllerTest" file="/home/runner/work/martinus/martinus/martinus/cake3/src/Martinus/Auth/tests/Controller/SessionsEshopControllerTest.php" line="99" assertions="2" time="0.818280"/>
        <testcase name="testForcePasswordReset" class="Martinus\Auth\Test\Controller\SessionsEshopControllerTest" file="/home/runner/work/martinus/martinus/martinus/cake3/src/Martinus/Auth/tests/Controller/SessionsEshopControllerTest.php" line="107" assertions="4" time="0.737260"/>
        <testcase name="testFindCustomerWithCorrectBrand" class="Martinus\Auth\Test\Controller\SessionsEshopControllerTest" file="/home/runner/work/martinus/martinus/martinus/cake3/src/Martinus/Auth/tests/Controller/SessionsEshopControllerTest.php" line="120" assertions="1" time="0.310562"/>
        <testcase name="testSetSecureCookie" class="Martinus\Auth\Test\Controller\SessionsEshopControllerTest" file="/home/runner/work/martinus/martinus/martinus/cake3/src/Martinus/Auth/tests/Controller/SessionsEshopControllerTest.php" line="141" assertions="2" time="0.230142"/>
        <testcase name="testUpdateLastLogin" class="Martinus\Auth\Test\Controller\SessionsEshopControllerTest" file="/home/runner/work/martinus/martinus/martinus/cake3/src/Martinus/Auth/tests/Controller/SessionsEshopControllerTest.php" line="149" assertions="3" time="0.230528"/>
        <testcase name="testPasswordRehash" class="Martinus\Auth\Test\Controller\SessionsEshopControllerTest" file="/home/runner/work/martinus/martinus/martinus/cake3/src/Martinus/Auth/tests/Controller/SessionsEshopControllerTest.php" line="164" assertions="4" time="0.235141"/>
        <testcase name="testLogout" class="Martinus\Auth\Test\Controller\SessionsEshopControllerTest" file="/home/runner/work/martinus/martinus/martinus/cake3/src/Martinus/Auth/tests/Controller/SessionsEshopControllerTest.php" line="180" assertions="2" time="0.194983"/>
        <testcase name="testLogoutNotLoggedIn" class="Martinus\Auth\Test\Controller\SessionsEshopControllerTest" file="/home/runner/work/martinus/martinus/martinus/cake3/src/Martinus/Auth/tests/Controller/SessionsEshopControllerTest.php" line="194" assertions="2" time="0.140351"/>
        <testcase name="testSetFakeLoginCookie" class="Martinus\Auth\Test\Controller\SessionsEshopControllerTest" file="/home/runner/work/martinus/martinus/martinus/cake3/src/Martinus/Auth/tests/Controller/SessionsEshopControllerTest.php" line="202" assertions="3" time="0.241660"/>
        <testcase name="testLogoutRemovesFakeLoginCookie" class="Martinus\Auth\Test\Controller\SessionsEshopControllerTest" file="/home/runner/work/martinus/martinus/martinus/cake3/src/Martinus/Auth/tests/Controller/SessionsEshopControllerTest.php" line="211" assertions="2" time="0.182297"/>
      </testsuite>
    </testsuite>
    <testsuite name="Martinus/Api" tests="44" assertions="196" failures="0" errors="0" time="2.770762">
      <testsuite name="Martinus\Api\Test\Controller\Component\PbxComponentTest" file="/home/runner/work/martinus/martinus/martinus/cake3/src/Martinus/Api/tests/Controller/Component/PbxComponentTest.php" tests="7" assertions="7" failures="0" errors="0" time="0.002325">
        <testsuite name="Martinus\Api\Test\Controller\Component\PbxComponentTest::testIsWorkingHours" tests="3" assertions="3" failures="0" errors="0" time="0.001497">
          <testcase name="testIsWorkingHours with data set #0" assertions="1" time="0.001027"/>
          <testcase name="testIsWorkingHours with data set #1" assertions="1" time="0.000236"/>
          <testcase name="testIsWorkingHours with data set #2" assertions="1" time="0.000234"/>
        </testsuite>
        <testsuite name="Martinus\Api\Test\Controller\Component\PbxComponentTest::testIsNotWorkingHours" tests="4" assertions="4" failures="0" errors="0" time="0.000828">
          <testcase name="testIsNotWorkingHours with data set #0" assertions="1" time="0.000217"/>
          <testcase name="testIsNotWorkingHours with data set #1" assertions="1" time="0.000205"/>
          <testcase name="testIsNotWorkingHours with data set #2" assertions="1" time="0.000203"/>
          <testcase name="testIsNotWorkingHours with data set #3" assertions="1" time="0.000203"/>
        </testsuite>
      </testsuite>
      <testsuite name="Martinus\Api\Test\Controller\CustomersControllerTest" file="/home/runner/work/martinus/martinus/martinus/cake3/src/Martinus/Api/tests/Controller/CustomersControllerTest.php" tests="10" assertions="62" failures="0" errors="0" time="0.892601">
        <testcase name="testMissingData" class="Martinus\Api\Test\Controller\CustomersControllerTest" file="/home/runner/work/martinus/martinus/martinus/cake3/src/Martinus/Api/tests/Controller/CustomersControllerTest.php" line="131" assertions="5" time="0.085515"/>
        <testcase name="testNoEmail" class="Martinus\Api\Test\Controller\CustomersControllerTest" file="/home/runner/work/martinus/martinus/martinus/cake3/src/Martinus/Api/tests/Controller/CustomersControllerTest.php" line="146" assertions="5" time="0.082739"/>
        <testcase name="testNoEmailForCustomer" class="Martinus\Api\Test\Controller\CustomersControllerTest" file="/home/runner/work/martinus/martinus/martinus/cake3/src/Martinus/Api/tests/Controller/CustomersControllerTest.php" line="161" assertions="5" time="0.084890"/>
        <testcase name="testNoEmailForBrand" class="Martinus\Api\Test\Controller\CustomersControllerTest" file="/home/runner/work/martinus/martinus/martinus/cake3/src/Martinus/Api/tests/Controller/CustomersControllerTest.php" line="176" assertions="5" time="0.090518"/>
        <testcase name="testAlreadyUnsubscribed" class="Martinus\Api\Test\Controller\CustomersControllerTest" file="/home/runner/work/martinus/martinus/martinus/cake3/src/Martinus/Api/tests/Controller/CustomersControllerTest.php" line="191" assertions="5" time="0.085731"/>
        <testcase name="testAlreadyUnsubscribedCustomer" class="Martinus\Api\Test\Controller\CustomersControllerTest" file="/home/runner/work/martinus/martinus/martinus/cake3/src/Martinus/Api/tests/Controller/CustomersControllerTest.php" line="206" assertions="5" time="0.085138"/>
        <testcase name="testUnsubscribe" class="Martinus\Api\Test\Controller\CustomersControllerTest" file="/home/runner/work/martinus/martinus/martinus/cake3/src/Martinus/Api/tests/Controller/CustomersControllerTest.php" line="222" assertions="7" time="0.085207"/>
        <testcase name="testUnsubscribeCustomer" class="Martinus\Api\Test\Controller\CustomersControllerTest" file="/home/runner/work/martinus/martinus/martinus/cake3/src/Martinus/Api/tests/Controller/CustomersControllerTest.php" line="242" assertions="7" time="0.114971"/>
        <testcase name="testUnsubscribeEmailWithMultipleEntries" class="Martinus\Api\Test\Controller\CustomersControllerTest" file="/home/runner/work/martinus/martinus/martinus/cake3/src/Martinus/Api/tests/Controller/CustomersControllerTest.php" line="266" assertions="9" time="0.087285"/>
        <testcase name="testUnsubscribeGuestEmailWithMultipleEntries" class="Martinus\Api\Test\Controller\CustomersControllerTest" file="/home/runner/work/martinus/martinus/martinus/cake3/src/Martinus/Api/tests/Controller/CustomersControllerTest.php" line="296" assertions="9" time="0.090607"/>
      </testsuite>
      <testsuite name="Martinus\Api\Test\Controller\FacebookMessengerControllerTest" file="/home/runner/work/martinus/martinus/martinus/cake3/src/Martinus/Api/tests/Controller/FacebookMessengerControllerTest.php" tests="1" assertions="4" failures="0" errors="0" time="0.016854">
        <testcase name="testHandleOptin" class="Martinus\Api\Test\Controller\FacebookMessengerControllerTest" file="/home/runner/work/martinus/martinus/martinus/cake3/src/Martinus/Api/tests/Controller/FacebookMessengerControllerTest.php" line="27" assertions="4" time="0.016854"/>
      </testsuite>
      <testsuite name="Martinus\Api\Test\Controller\HelpdeskControllerTest" file="/home/runner/work/martinus/martinus/martinus/cake3/src/Martinus/Api/tests/Controller/HelpdeskControllerTest.php" tests="4" assertions="23" failures="0" errors="0" time="0.285098">
        <testcase name="testIndex" class="Martinus\Api\Test\Controller\HelpdeskControllerTest" file="/home/runner/work/martinus/martinus/martinus/cake3/src/Martinus/Api/tests/Controller/HelpdeskControllerTest.php" line="41" assertions="6" time="0.051928"/>
        <testsuite name="Martinus\Api\Test\Controller\HelpdeskControllerTest::testIndexByBrand" tests="3" assertions="17" failures="0" errors="0" time="0.233170">
          <testcase name="testIndexByBrand with data set &quot;MCZ - default - nájdený&quot;" assertions="6" time="0.133877"/>
          <testcase name="testIndexByBrand with data set &quot;GOR - default - nenájdený&quot;" assertions="5" time="0.049513"/>
          <testcase name="testIndexByBrand with data set &quot;GOR - GOR - nájdený&quot;" assertions="6" time="0.049780"/>
        </testsuite>
      </testsuite>
      <testsuite name="Martinus\Api\Test\Controller\PbxControllerTest" file="/home/runner/work/martinus/martinus/martinus/cake3/src/Martinus/Api/tests/Controller/PbxControllerTest.php" tests="5" assertions="16" failures="0" errors="0" time="0.403936">
        <testcase name="testIndex" class="Martinus\Api\Test\Controller\PbxControllerTest" file="/home/runner/work/martinus/martinus/martinus/cake3/src/Martinus/Api/tests/Controller/PbxControllerTest.php" line="40" assertions="2" time="0.050707"/>
        <testcase name="testOrderIntro" class="Martinus\Api\Test\Controller\PbxControllerTest" file="/home/runner/work/martinus/martinus/martinus/cake3/src/Martinus/Api/tests/Controller/PbxControllerTest.php" line="46" assertions="3" time="0.055478"/>
        <testcase name="testOrderFound" class="Martinus\Api\Test\Controller\PbxControllerTest" file="/home/runner/work/martinus/martinus/martinus/cake3/src/Martinus/Api/tests/Controller/PbxControllerTest.php" line="53" assertions="4" time="0.145660"/>
        <testcase name="testOrderNotFound" class="Martinus\Api\Test\Controller\PbxControllerTest" file="/home/runner/work/martinus/martinus/martinus/cake3/src/Martinus/Api/tests/Controller/PbxControllerTest.php" line="66" assertions="4" time="0.093893"/>
        <testcase name="testOrderEmpty" class="Martinus\Api\Test\Controller\PbxControllerTest" file="/home/runner/work/martinus/martinus/martinus/cake3/src/Martinus/Api/tests/Controller/PbxControllerTest.php" line="74" assertions="3" time="0.058198"/>
      </testsuite>
      <testsuite name="Martinus\Api\Test\Controller\VouchersControllerTest" file="/home/runner/work/martinus/martinus/martinus/cake3/src/Martinus/Api/tests/Controller/VouchersControllerTest.php" tests="17" assertions="84" failures="0" errors="0" time="1.169949">
        <testcase name="testInvalidApiKey" class="Martinus\Api\Test\Controller\VouchersControllerTest" file="/home/runner/work/martinus/martinus/martinus/cake3/src/Martinus/Api/tests/Controller/VouchersControllerTest.php" line="274" assertions="4" time="0.062127"/>
        <testcase name="testNoVoucherCode" class="Martinus\Api\Test\Controller\VouchersControllerTest" file="/home/runner/work/martinus/martinus/martinus/cake3/src/Martinus/Api/tests/Controller/VouchersControllerTest.php" line="280" assertions="5" time="0.060395"/>
        <testsuite name="Martinus\Api\Test\Controller\VouchersControllerTest::testInvalidVoucher" tests="10" assertions="50" failures="0" errors="0" time="0.713008">
          <testcase name="testInvalidVoucher with data set #0" assertions="5" time="0.086196"/>
          <testcase name="testInvalidVoucher with data set #1" assertions="5" time="0.062955"/>
          <testcase name="testInvalidVoucher with data set #2" assertions="5" time="0.061051"/>
          <testcase name="testInvalidVoucher with data set #3" assertions="5" time="0.061189"/>
          <testcase name="testInvalidVoucher with data set #4" assertions="5" time="0.062198"/>
          <testcase name="testInvalidVoucher with data set #5" assertions="5" time="0.134732"/>
          <testcase name="testInvalidVoucher with data set #6" assertions="5" time="0.060938"/>
          <testcase name="testInvalidVoucher with data set #7" assertions="5" time="0.062135"/>
          <testcase name="testInvalidVoucher with data set #8" assertions="5" time="0.060457"/>
          <testcase name="testInvalidVoucher with data set #9" assertions="5" time="0.061157"/>
        </testsuite>
        <testcase name="testInvalidVoucherMinAmount" class="Martinus\Api\Test\Controller\VouchersControllerTest" file="/home/runner/work/martinus/martinus/martinus/cake3/src/Martinus/Api/tests/Controller/VouchersControllerTest.php" line="305" assertions="5" time="0.077805"/>
        <testcase name="testValidVoucher" class="Martinus\Api\Test\Controller\VouchersControllerTest" file="/home/runner/work/martinus/martinus/martinus/cake3/src/Martinus/Api/tests/Controller/VouchersControllerTest.php" line="324" assertions="5" time="0.062980"/>
        <testcase name="testValidVoucherMinAmount" class="Martinus\Api\Test\Controller\VouchersControllerTest" file="/home/runner/work/martinus/martinus/martinus/cake3/src/Martinus/Api/tests/Controller/VouchersControllerTest.php" line="340" assertions="5" time="0.066788"/>
        <testcase name="testValidVoucherCodeSimilarToSN" class="Martinus\Api\Test\Controller\VouchersControllerTest" file="/home/runner/work/martinus/martinus/martinus/cake3/src/Martinus/Api/tests/Controller/VouchersControllerTest.php" line="356" assertions="5" time="0.064880"/>
        <testcase name="testValidVoucherSN" class="Martinus\Api\Test\Controller\VouchersControllerTest" file="/home/runner/work/martinus/martinus/martinus/cake3/src/Martinus/Api/tests/Controller/VouchersControllerTest.php" line="373" assertions="5" time="0.061965"/>
      </testsuite>
      <testsuite name="Martinus\Api\Test\View\Helper\PbxHelperTest" file="/home/runner/work/martinus/martinus/martinus/cake3/src/Martinus/Api/tests/View/Helper/PbxHelperTest.php" tests="0" assertions="0" failures="0" errors="0" time="0.000000"/>
    </testsuite>
    <testsuite name="Martinus/Cart" tests="401" assertions="584" failures="0" errors="0" time="8.123611">
      <testsuite name="Martinus\Cart\Test\Controller\CartsControllerTest" file="/home/runner/work/martinus/martinus/martinus/cake3/src/Martinus/Cart/tests/Controller/CartsControllerTest.php" tests="0" assertions="0" failures="0" errors="0" time="0.000000">
        <testsuite name="Martinus\Cart\Test\Controller\CartsControllerTest::testDraftWithInvalidCart" tests="0" assertions="0" failures="0" errors="0" time="0.000000"/>
        <testsuite name="Martinus\Cart\Test\Controller\CartsControllerTest::testDraftWithValidCart" tests="0" assertions="0" failures="0" errors="0" time="0.000000"/>
      </testsuite>
      <testsuite name="Martinus\Cart\Test\Controller\Component\BillingAddressesComponentTest" file="/home/runner/work/martinus/martinus/martinus/cake3/src/Martinus/Cart/tests/Controller/Component/BillingAddressesComponentTest.php" tests="11" assertions="26" failures="0" errors="0" time="0.505248">
        <testcase name="testBillingAddressSet" class="Martinus\Cart\Test\Controller\Component\BillingAddressesComponentTest" file="/home/runner/work/martinus/martinus/martinus/cake3/src/Martinus/Cart/tests/Controller/Component/BillingAddressesComponentTest.php" line="85" assertions="4" time="0.079026"/>
        <testcase name="testBillingAddressNotSet" class="Martinus\Cart\Test\Controller\Component\BillingAddressesComponentTest" file="/home/runner/work/martinus/martinus/martinus/cake3/src/Martinus/Cart/tests/Controller/Component/BillingAddressesComponentTest.php" line="108" assertions="4" time="0.045581"/>
        <testcase name="testBillingAddressNotSetDeliveryAddressSet" class="Martinus\Cart\Test\Controller\Component\BillingAddressesComponentTest" file="/home/runner/work/martinus/martinus/martinus/cake3/src/Martinus/Cart/tests/Controller/Component/BillingAddressesComponentTest.php" line="127" assertions="4" time="0.045239"/>
        <testcase name="testBillingAddressSetDeliveryAddressSet" class="Martinus\Cart\Test\Controller\Component\BillingAddressesComponentTest" file="/home/runner/work/martinus/martinus/martinus/cake3/src/Martinus/Cart/tests/Controller/Component/BillingAddressesComponentTest.php" line="150" assertions="4" time="0.048218"/>
        <testcase name="testBillingAddressSetDeliveryTypeSet" class="Martinus\Cart\Test\Controller\Component\BillingAddressesComponentTest" file="/home/runner/work/martinus/martinus/martinus/cake3/src/Martinus/Cart/tests/Controller/Component/BillingAddressesComponentTest.php" line="176" assertions="4" time="0.070095"/>
        <testcase name="testSetValidBillingAddress" class="Martinus\Cart\Test\Controller\Component\BillingAddressesComponentTest" file="/home/runner/work/martinus/martinus/martinus/cake3/src/Martinus/Cart/tests/Controller/Component/BillingAddressesComponentTest.php" line="199" assertions="1" time="0.038882"/>
        <testcase name="testSetInvalidBillingAddress" class="Martinus\Cart\Test\Controller\Component\BillingAddressesComponentTest" file="/home/runner/work/martinus/martinus/martinus/cake3/src/Martinus/Cart/tests/Controller/Component/BillingAddressesComponentTest.php" line="212" assertions="1" time="0.038212"/>
        <testcase name="testSetZeroBillingAddress" class="Martinus\Cart\Test\Controller\Component\BillingAddressesComponentTest" file="/home/runner/work/martinus/martinus/martinus/cake3/src/Martinus/Cart/tests/Controller/Component/BillingAddressesComponentTest.php" line="225" assertions="1" time="0.030747"/>
        <testcase name="testSetSameAsDeliveryAddressInvalid" class="Martinus\Cart\Test\Controller\Component\BillingAddressesComponentTest" file="/home/runner/work/martinus/martinus/martinus/cake3/src/Martinus/Cart/tests/Controller/Component/BillingAddressesComponentTest.php" line="238" assertions="1" time="0.030537"/>
        <testcase name="testNotSameAsDeliveryAddress" class="Martinus\Cart\Test\Controller\Component\BillingAddressesComponentTest" file="/home/runner/work/martinus/martinus/martinus/cake3/src/Martinus/Cart/tests/Controller/Component/BillingAddressesComponentTest.php" line="250" assertions="1" time="0.030480"/>
        <testcase name="testNotSameAsDeliveryAddressBillingAddressSet" class="Martinus\Cart\Test\Controller\Component\BillingAddressesComponentTest" file="/home/runner/work/martinus/martinus/martinus/cake3/src/Martinus/Cart/tests/Controller/Component/BillingAddressesComponentTest.php" line="266" assertions="1" time="0.048231"/>
      </testsuite>
      <testsuite name="Martinus\Cart\Test\Controller\Component\ConfirmationsComponentTest" file="/home/runner/work/martinus/martinus/martinus/cake3/src/Martinus/Cart/tests/Controller/Component/ConfirmationsComponentTest.php" tests="2" assertions="2" failures="0" errors="0" time="0.003668">
        <testcase name="testSetConfirmationTrue" class="Martinus\Cart\Test\Controller\Component\ConfirmationsComponentTest" file="/home/runner/work/martinus/martinus/martinus/cake3/src/Martinus/Cart/tests/Controller/Component/ConfirmationsComponentTest.php" line="32" assertions="1" time="0.001960"/>
        <testcase name="testSetConfirmationFalse" class="Martinus\Cart\Test\Controller\Component\ConfirmationsComponentTest" file="/home/runner/work/martinus/martinus/martinus/cake3/src/Martinus/Cart/tests/Controller/Component/ConfirmationsComponentTest.php" line="44" assertions="1" time="0.001708"/>
      </testsuite>
      <testsuite name="Martinus\Cart\Test\Controller\Component\DeliveryTypesComponentTest" file="/home/runner/work/martinus/martinus/martinus/cake3/src/Martinus/Cart/tests/Controller/Component/DeliveryTypesComponentTest.php" tests="3" assertions="5" failures="0" errors="0" time="0.142971">
        <testcase name="testDeliveryTypeStoreSet" class="Martinus\Cart\Test\Controller\Component\DeliveryTypesComponentTest" file="/home/runner/work/martinus/martinus/martinus/cake3/src/Martinus/Cart/tests/Controller/Component/DeliveryTypesComponentTest.php" line="144" assertions="3" time="0.079722"/>
        <testcase name="testSetNoType" class="Martinus\Cart\Test\Controller\Component\DeliveryTypesComponentTest" file="/home/runner/work/martinus/martinus/martinus/cake3/src/Martinus/Cart/tests/Controller/Component/DeliveryTypesComponentTest.php" line="173" assertions="1" time="0.030898"/>
        <testcase name="testSetInvalidType" class="Martinus\Cart\Test\Controller\Component\DeliveryTypesComponentTest" file="/home/runner/work/martinus/martinus/martinus/cake3/src/Martinus/Cart/tests/Controller/Component/DeliveryTypesComponentTest.php" line="185" assertions="1" time="0.032351"/>
      </testsuite>
      <testsuite name="Martinus\Cart\Test\Controller\Component\DiscountsComponentTest" file="/home/runner/work/martinus/martinus/martinus/cake3/src/Martinus/Cart/tests/Controller/Component/DiscountsComponentTest.php" tests="11" assertions="17" failures="0" errors="0" time="2.334625">
        <testcase name="testNoDiscount" class="Martinus\Cart\Test\Controller\Component\DiscountsComponentTest" file="/home/runner/work/martinus/martinus/martinus/cake3/src/Martinus/Cart/tests/Controller/Component/DiscountsComponentTest.php" line="83" assertions="2" time="0.040410"/>
        <testcase name="testIsicDiscount" class="Martinus\Cart\Test\Controller\Component\DiscountsComponentTest" file="/home/runner/work/martinus/martinus/martinus/cake3/src/Martinus/Cart/tests/Controller/Component/DiscountsComponentTest.php" line="98" assertions="2" time="0.050223"/>
        <testcase name="testEuro26Discount" class="Martinus\Cart\Test\Controller\Component\DiscountsComponentTest" file="/home/runner/work/martinus/martinus/martinus/cake3/src/Martinus/Cart/tests/Controller/Component/DiscountsComponentTest.php" line="116" assertions="2" time="0.047000"/>
        <testcase name="testInvalidIsicDiscount" class="Martinus\Cart\Test\Controller\Component\DiscountsComponentTest" file="/home/runner/work/martinus/martinus/martinus/cake3/src/Martinus/Cart/tests/Controller/Component/DiscountsComponentTest.php" line="134" assertions="2" time="1.784392"/>
        <testcase name="testVoucherDiscount" class="Martinus\Cart\Test\Controller\Component\DiscountsComponentTest" file="/home/runner/work/martinus/martinus/martinus/cake3/src/Martinus/Cart/tests/Controller/Component/DiscountsComponentTest.php" line="153" assertions="2" time="0.077023"/>
        <testcase name="testInvalidVoucherDiscount" class="Martinus\Cart\Test\Controller\Component\DiscountsComponentTest" file="/home/runner/work/martinus/martinus/martinus/cake3/src/Martinus/Cart/tests/Controller/Component/DiscountsComponentTest.php" line="178" assertions="2" time="0.037925"/>
        <testcase name="testSetValidIsicCode" class="Martinus\Cart\Test\Controller\Component\DiscountsComponentTest" file="/home/runner/work/martinus/martinus/martinus/cake3/src/Martinus/Cart/tests/Controller/Component/DiscountsComponentTest.php" line="196" assertions="1" time="0.047514"/>
        <testcase name="testSetValidEuro26Code" class="Martinus\Cart\Test\Controller\Component\DiscountsComponentTest" file="/home/runner/work/martinus/martinus/martinus/cake3/src/Martinus/Cart/tests/Controller/Component/DiscountsComponentTest.php" line="210" assertions="1" time="0.045891"/>
        <testcase name="testSetInvalidIsicCode" class="Martinus\Cart\Test\Controller\Component\DiscountsComponentTest" file="/home/runner/work/martinus/martinus/martinus/cake3/src/Martinus/Cart/tests/Controller/Component/DiscountsComponentTest.php" line="224" assertions="1" time="0.046977"/>
        <testcase name="testSetValidVoucherCode" class="Martinus\Cart\Test\Controller\Component\DiscountsComponentTest" file="/home/runner/work/martinus/martinus/martinus/cake3/src/Martinus/Cart/tests/Controller/Component/DiscountsComponentTest.php" line="238" assertions="1" time="0.120577"/>
        <testcase name="testSetInvalidVoucherCode" class="Martinus\Cart\Test\Controller\Component\DiscountsComponentTest" file="/home/runner/work/martinus/martinus/martinus/cake3/src/Martinus/Cart/tests/Controller/Component/DiscountsComponentTest.php" line="271" assertions="1" time="0.036693"/>
      </testsuite>
      <testsuite name="Martinus\Cart\Test\Controller\Component\GoodAngelsComponentTest" file="/home/runner/work/martinus/martinus/martinus/cake3/src/Martinus/Cart/tests/Controller/Component/GoodAngelsComponentTest.php" tests="3" assertions="3" failures="0" errors="0" time="0.145350">
        <testcase name="testSetDonation" class="Martinus\Cart\Test\Controller\Component\GoodAngelsComponentTest" file="/home/runner/work/martinus/martinus/martinus/cake3/src/Martinus/Cart/tests/Controller/Component/GoodAngelsComponentTest.php" line="157" assertions="1" time="0.028627"/>
        <testcase name="testSetZeroDonation" class="Martinus\Cart\Test\Controller\Component\GoodAngelsComponentTest" file="/home/runner/work/martinus/martinus/martinus/cake3/src/Martinus/Cart/tests/Controller/Component/GoodAngelsComponentTest.php" line="169" assertions="1" time="0.027980"/>
        <testcase name="testSetNoDonation" class="Martinus\Cart\Test\Controller\Component\GoodAngelsComponentTest" file="/home/runner/work/martinus/martinus/martinus/cake3/src/Martinus/Cart/tests/Controller/Component/GoodAngelsComponentTest.php" line="181" assertions="1" time="0.088743"/>
      </testsuite>
      <testsuite name="Martinus\Cart\Test\Controller\Component\NotesComponentTest" file="/home/runner/work/martinus/martinus/martinus/cake3/src/Martinus/Cart/tests/Controller/Component/NotesComponentTest.php" tests="7" assertions="12" failures="0" errors="0" time="0.024153">
        <testcase name="testIndexShouldGetNotes" class="Martinus\Cart\Test\Controller\Component\NotesComponentTest" file="/home/runner/work/martinus/martinus/martinus/cake3/src/Martinus/Cart/tests/Controller/Component/NotesComponentTest.php" line="31" assertions="1" time="0.003550"/>
[...]
        <testcase name="testGetOrCreateUpdate" class="Martinus\Customer\Test\Lib\LibraryListsItemsTest" file="/home/runner/work/martinus/martinus/martinus/cake3/src/Martinus/Customer/tests/Lib/LibraryListsitemsTest.php" line="44" assertions="2" time="0.024413"/>
        <testcase name="testGetOrCreateNoop" class="Martinus\Customer\Test\Lib\LibraryListsItemsTest" file="/home/runner/work/martinus/martinus/martinus/cake3/src/Martinus/Customer/tests/Lib/LibraryListsitemsTest.php" line="55" assertions="3" time="0.019511"/>
      </testsuite>
      <testsuite name="Martinus\Customer\Test\Model\Entity\CustomerPropertyTest" file="/home/runner/work/martinus/martinus/martinus/cake3/src/Martinus/Customer/tests/Model/Entity/CustomerPropertyTest.php" tests="2" assertions="4" failures="0" errors="0" time="0.000356">
        <testcase name="testParseJsonAlwaysReturnsSameValue" class="Martinus\Customer\Test\Model\Entity\CustomerPropertyTest" file="/home/runner/work/martinus/martinus/martinus/cake3/src/Martinus/Customer/tests/Model/Entity/CustomerPropertyTest.php" line="9" assertions="2" time="0.000227"/>
        <testcase name="testParseJsonReturnsCorrectValueWhenUpdated" class="Martinus\Customer\Test\Model\Entity\CustomerPropertyTest" file="/home/runner/work/martinus/martinus/martinus/cake3/src/Martinus/Customer/tests/Model/Entity/CustomerPropertyTest.php" line="20" assertions="2" time="0.000129"/>
      </testsuite>
      <testsuite name="Martinus\Customer\Test\Model\Entity\CustomerTest" file="/home/runner/work/martinus/martinus/martinus/cake3/src/Martinus/Customer/tests/Model/Entity/CustomerTest.php" tests="9" assertions="15" failures="0" errors="0" time="0.074731">
        <testcase name="testCustomerIsEmployeeReturnsFalse" class="Martinus\Customer\Test\Model\Entity\CustomerTest" file="/home/runner/work/martinus/martinus/martinus/cake3/src/Martinus/Customer/tests/Model/Entity/CustomerTest.php" line="51" assertions="1" time="0.004312"/>
        <testcase name="testCustomerIsEmployeeThrowsExceptionOnConnectionsNotLoaded" class="Martinus\Customer\Test\Model\Entity\CustomerTest" file="/home/runner/work/martinus/martinus/martinus/cake3/src/Martinus/Customer/tests/Model/Entity/CustomerTest.php" line="57" assertions="2" time="0.005043"/>
        <testcase name="testCustomersIsEmployeeReturnsFalseWithoutConnections" class="Martinus\Customer\Test\Model\Entity\CustomerTest" file="/home/runner/work/martinus/martinus/martinus/cake3/src/Martinus/Customer/tests/Model/Entity/CustomerTest.php" line="66" assertions="1" time="0.008606"/>
        <testcase name="testCustomersEmployeeConnection" class="Martinus\Customer\Test\Model\Entity\CustomerTest" file="/home/runner/work/martinus/martinus/martinus/cake3/src/Martinus/Customer/tests/Model/Entity/CustomerTest.php" line="73" assertions="3" time="0.013961"/>
        <testcase name="testCustomersEmployeeConnectionBasedOnCorrectConnectionType" class="Martinus\Customer\Test\Model\Entity\CustomerTest" file="/home/runner/work/martinus/martinus/martinus/cake3/src/Martinus/Customer/tests/Model/Entity/CustomerTest.php" line="85" assertions="1" time="0.011329"/>
        <testcase name="testCustomersIsEmployeeReturnsTrueWithConnections" class="Martinus\Customer\Test\Model\Entity\CustomerTest" file="/home/runner/work/martinus/martinus/martinus/cake3/src/Martinus/Customer/tests/Model/Entity/CustomerTest.php" line="109" assertions="1" time="0.011173"/>
        <testcase name="testCustomersIsEmployeeReturnsException" class="Martinus\Customer\Test\Model\Entity\CustomerTest" file="/home/runner/work/martinus/martinus/martinus/cake3/src/Martinus/Customer/tests/Model/Entity/CustomerTest.php" line="117" assertions="2" time="0.007518"/>
        <testcase name="testGetConnectionsShouldExceptWithoutContain" class="Martinus\Customer\Test\Model\Entity\CustomerTest" file="/home/runner/work/martinus/martinus/martinus/cake3/src/Martinus/Customer/tests/Model/Entity/CustomerTest.php" line="148" assertions="2" time="0.005233"/>
        <testcase name="testGetConnections" class="Martinus\Customer\Test\Model\Entity\CustomerTest" file="/home/runner/work/martinus/martinus/martinus/cake3/src/Martinus/Customer/tests/Model/Entity/CustomerTest.php" line="164" assertions="2" time="0.007556"/>
      </testsuite>
      <testsuite name="Martinus\Customer\Test\Model\Table\AddressesTableTest" file="/home/runner/work/martinus/martinus/martinus/cake3/src/Martinus/Customer/tests/Model/Table/AddressesTableTest.php" tests="8" assertions="16" failures="0" errors="0" time="0.064581">
        <testcase name="testSaveShouldAssignNumber1" class="Martinus\Customer\Test\Model\Table\AddressesTableTest" file="/home/runner/work/martinus/martinus/martinus/cake3/src/Martinus/Customer/tests/Model/Table/AddressesTableTest.php" line="30" assertions="1" time="0.005558"/>
        <testcase name="testSaveShouldAssignNumber3" class="Martinus\Customer\Test\Model\Table\AddressesTableTest" file="/home/runner/work/martinus/martinus/martinus/cake3/src/Martinus/Customer/tests/Model/Table/AddressesTableTest.php" line="45" assertions="2" time="0.011661"/>
        <testcase name="testSaveShouldIgnoreChangedAddressNumber" class="Martinus\Customer\Test\Model\Table\AddressesTableTest" file="/home/runner/work/martinus/martinus/martinus/cake3/src/Martinus/Customer/tests/Model/Table/AddressesTableTest.php" line="80" assertions="2" time="0.006540"/>
        <testcase name="testSaveUnlockedAddress" class="Martinus\Customer\Test\Model\Table\AddressesTableTest" file="/home/runner/work/martinus/martinus/martinus/cake3/src/Martinus/Customer/tests/Model/Table/AddressesTableTest.php" line="106" assertions="1" time="0.007302"/>
        <testcase name="testSaveLockedUnmodifiedAddress" class="Martinus\Customer\Test\Model\Table\AddressesTableTest" file="/home/runner/work/martinus/martinus/martinus/cake3/src/Martinus/Customer/tests/Model/Table/AddressesTableTest.php" line="129" assertions="1" time="0.006423"/>
        <testcase name="testSaveLockedAddress" class="Martinus\Customer\Test\Model\Table\AddressesTableTest" file="/home/runner/work/martinus/martinus/martinus/cake3/src/Martinus/Customer/tests/Model/Table/AddressesTableTest.php" line="152" assertions="3" time="0.009419"/>
        <testcase name="testSaveFreshlyLockedAddress" class="Martinus\Customer\Test\Model\Table\AddressesTableTest" file="/home/runner/work/martinus/martinus/martinus/cake3/src/Martinus/Customer/tests/Model/Table/AddressesTableTest.php" line="187" assertions="3" time="0.008660"/>
        <testcase name="testSaveCannotUnlockAddress" class="Martinus\Customer\Test\Model\Table\AddressesTableTest" file="/home/runner/work/martinus/martinus/martinus/cake3/src/Martinus/Customer/tests/Model/Table/AddressesTableTest.php" line="222" assertions="3" time="0.009018"/>
      </testsuite>
      <testsuite name="Martinus\Customer\Test\Model\Table\CustomersEgiftsTableTest" file="/home/runner/work/martinus/martinus/martinus/cake3/src/Martinus/Customer/tests/Model/Table/CustomersEgiftsTableTest.php" tests="5" assertions="13" failures="0" errors="0" time="0.054195">
        <testcase name="testBeforeSave" class="Martinus\Customer\Test\Model\Table\CustomersEgiftsTableTest" file="/home/runner/work/martinus/martinus/martinus/cake3/src/Martinus/Customer/tests/Model/Table/CustomersEgiftsTableTest.php" line="79" assertions="2" time="0.008348"/>
        <testcase name="testCodePatternValidation" class="Martinus\Customer\Test\Model\Table\CustomersEgiftsTableTest" file="/home/runner/work/martinus/martinus/martinus/cake3/src/Martinus/Customer/tests/Model/Table/CustomersEgiftsTableTest.php" line="87" assertions="5" time="0.002391"/>
        <testcase name="testFindNotClaimedEgifts" class="Martinus\Customer\Test\Model\Table\CustomersEgiftsTableTest" file="/home/runner/work/martinus/martinus/martinus/cake3/src/Martinus/Customer/tests/Model/Table/CustomersEgiftsTableTest.php" line="110" assertions="2" time="0.002635"/>
        <testcase name="testGetNotClaimedEgift" class="Martinus\Customer\Test\Model\Table\CustomersEgiftsTableTest" file="/home/runner/work/martinus/martinus/martinus/cake3/src/Martinus/Customer/tests/Model/Table/CustomersEgiftsTableTest.php" line="122" assertions="2" time="0.003217"/>
        <testcase name="testClaimEgift" class="Martinus\Customer\Test\Model\Table\CustomersEgiftsTableTest" file="/home/runner/work/martinus/martinus/martinus/cake3/src/Martinus/Customer/tests/Model/Table/CustomersEgiftsTableTest.php" line="133" assertions="2" time="0.037604"/>
      </testsuite>
      <testsuite name="Martinus\Customer\Test\Model\Table\CustomersTableTest" file="/home/runner/work/martinus/martinus/martinus/cake3/src/Martinus/Customer/tests/Model/Table/CustomersTableTest.php" tests="23" assertions="165" failures="0" errors="0" time="0.582383">
        <testcase name="testCreateCustomer" class="Martinus\Customer\Test\Model\Table\CustomersTableTest" file="/home/runner/work/martinus/martinus/martinus/cake3/src/Martinus/Customer/tests/Model/Table/CustomersTableTest.php" line="54" assertions="7" time="0.020483"/>
        <testcase name="testIsAnonymizedEntity" class="Martinus\Customer\Test\Model\Table\CustomersTableTest" file="/home/runner/work/martinus/martinus/martinus/cake3/src/Martinus/Customer/tests/Model/Table/CustomersTableTest.php" line="74" assertions="2" time="0.002107"/>
        <testcase name="testCreateCustomerOverrideDefaultValues" class="Martinus\Customer\Test\Model\Table\CustomersTableTest" file="/home/runner/work/martinus/martinus/martinus/cake3/src/Martinus/Customer/tests/Model/Table/CustomersTableTest.php" line="82" assertions="5" time="0.021665"/>
        <testcase name="testCreateNormalCustomerCreatesNewsletterSettings" class="Martinus\Customer\Test\Model\Table\CustomersTableTest" file="/home/runner/work/martinus/martinus/martinus/cake3/src/Martinus/Customer/tests/Model/Table/CustomersTableTest.php" line="104" assertions="11" time="0.023820"/>
        <testcase name="testCreateAnonymousCustomerCreatesBannedNewsletterSetting" class="Martinus\Customer\Test\Model\Table\CustomersTableTest" file="/home/runner/work/martinus/martinus/martinus/cake3/src/Martinus/Customer/tests/Model/Table/CustomersTableTest.php" line="133" assertions="11" time="0.022750"/>
        <testcase name="testCreateCustomerUniqueEmailBrandId" class="Martinus\Customer\Test\Model\Table\CustomersTableTest" file="/home/runner/work/martinus/martinus/martinus/cake3/src/Martinus/Customer/tests/Model/Table/CustomersTableTest.php" line="164" assertions="6" time="0.039894"/>
        <testcase name="testCreateCustomerUniqueHash" class="Martinus\Customer\Test\Model\Table\CustomersTableTest" file="/home/runner/work/martinus/martinus/martinus/cake3/src/Martinus/Customer/tests/Model/Table/CustomersTableTest.php" line="205" assertions="3" time="0.021552"/>
        <testcase name="testHashIsReadOnly" class="Martinus\Customer\Test\Model\Table\CustomersTableTest" file="/home/runner/work/martinus/martinus/martinus/cake3/src/Martinus/Customer/tests/Model/Table/CustomersTableTest.php" line="241" assertions="3" time="0.023355"/>
        <testsuite name="Martinus\Customer\Test\Model\Table\CustomersTableTest::testSaveNewEmailShouldCreateNewNewsletterSettings" tests="7" assertions="59" failures="0" errors="0" time="0.168974">
          <testcase name="testSaveNewEmailShouldCreateNewNewsletterSettings with data set #0" assertions="8" time="0.030864"/>
          <testcase name="testSaveNewEmailShouldCreateNewNewsletterSettings with data set #1" assertions="8" time="0.023790"/>
          <testcase name="testSaveNewEmailShouldCreateNewNewsletterSettings with data set #2" assertions="8" time="0.022849"/>
          <testcase name="testSaveNewEmailShouldCreateNewNewsletterSettings with data set #3" assertions="8" time="0.022721"/>
          <testcase name="testSaveNewEmailShouldCreateNewNewsletterSettings with data set #4" assertions="9" time="0.023042"/>
          <testcase name="testSaveNewEmailShouldCreateNewNewsletterSettings with data set #5" assertions="9" time="0.023179"/>
          <testcase name="testSaveNewEmailShouldCreateNewNewsletterSettings with data set #6" assertions="9" time="0.022529"/>
        </testsuite>
        <testcase name="testSaveNewEmailShouldCreateOldAndNewNewsletterSettings" class="Martinus\Customer\Test\Model\Table\CustomersTableTest" file="/home/runner/work/martinus/martinus/martinus/cake3/src/Martinus/Customer/tests/Model/Table/CustomersTableTest.php" line="360" assertions="6" time="0.023723"/>
        <testsuite name="Martinus\Customer\Test\Model\Table\CustomersTableTest::testSaveNewEmailShouldUpdateOldNewsletterSettings" tests="7" assertions="52" failures="0" errors="0" time="0.214060">
          <testcase name="testSaveNewEmailShouldUpdateOldNewsletterSettings with data set #0" assertions="7" time="0.023612"/>
          <testcase name="testSaveNewEmailShouldUpdateOldNewsletterSettings with data set #1" assertions="7" time="0.023753"/>
          <testcase name="testSaveNewEmailShouldUpdateOldNewsletterSettings with data set #2" assertions="7" time="0.021859"/>
          <testcase name="testSaveNewEmailShouldUpdateOldNewsletterSettings with data set #3" assertions="7" time="0.077712"/>
          <testcase name="testSaveNewEmailShouldUpdateOldNewsletterSettings with data set #4" assertions="8" time="0.022268"/>
          <testcase name="testSaveNewEmailShouldUpdateOldNewsletterSettings with data set #5" assertions="8" time="0.022986"/>
          <testcase name="testSaveNewEmailShouldUpdateOldNewsletterSettings with data set #6" assertions="8" time="0.021870"/>
        </testsuite>
      </testsuite>
      <testsuite name="Martinus\Customer\Test\Model\Table\ElibraryItemsTableTest" file="/home/runner/work/martinus/martinus/martinus/cake3/src/Martinus/Customer/tests/Model/Table/ElibraryItemsTableTest.php" tests="1" assertions="2" failures="0" errors="0" time="0.006112">
        <testcase name="testSetAsDownloaded" class="Martinus\Customer\Test\Model\Table\ElibraryItemsTableTest" file="/home/runner/work/martinus/martinus/martinus/cake3/src/Martinus/Customer/tests/Model/Table/ElibraryItemsTableTest.php" line="136" assertions="2" time="0.006112"/>
      </testsuite>
      <testsuite name="Martinus\Customer\Test\TestCase\Model\Table\CustomersConnectionsTableTest" file="/home/runner/work/martinus/martinus/martinus/cake3/src/Martinus/Customer/tests/TestCase/Model/Table/CustomersConnectionsTableTest.php" tests="2" assertions="4" failures="0" errors="0" time="0.010256">
        <testcase name="testEmployeesAssociation" class="Martinus\Customer\Test\TestCase\Model\Table\CustomersConnectionsTableTest" file="/home/runner/work/martinus/martinus/martinus/cake3/src/Martinus/Customer/tests/TestCase/Model/Table/CustomersConnectionsTableTest.php" line="60" assertions="3" time="0.005264"/>
        <testcase name="testEmployeesAssociationWithIncorrectType" class="Martinus\Customer\Test\TestCase\Model\Table\CustomersConnectionsTableTest" file="/home/runner/work/martinus/martinus/martinus/cake3/src/Martinus/Customer/tests/TestCase/Model/Table/CustomersConnectionsTableTest.php" line="81" assertions="1" time="0.004992"/>
      </testsuite>
    </testsuite>
    <testsuite name="Martinus/Kiosk" tests="3" assertions="17" failures="0" errors="0" time="0.422395">
      <testsuite name="Martinus\Kiosk\Test\TestCase\Controller\HomepageControllerTest" file="/home/runner/work/martinus/martinus/martinus/cake3/src/Martinus/Kiosk/tests/TestCase/Controller/HomepageControllerTest.php" tests="1" assertions="5" failures="0" errors="0" time="0.082623">
        <testcase name="testIndex" class="Martinus\Kiosk\Test\TestCase\Controller\HomepageControllerTest" file="/home/runner/work/martinus/martinus/martinus/cake3/src/Martinus/Kiosk/tests/TestCase/Controller/HomepageControllerTest.php" line="33" assertions="5" time="0.082623"/>
      </testsuite>
      <testsuite name="Martinus\Kiosk\Test\TestCase\Controller\ProductsControllerTest" file="/home/runner/work/martinus/martinus/martinus/cake3/src/Martinus/Kiosk/tests/TestCase/Controller/ProductsControllerTest.php" tests="2" assertions="12" failures="0" errors="0" time="0.339772">
        <testcase name="testViewStocked" class="Martinus\Kiosk\Test\TestCase\Controller\ProductsControllerTest" file="/home/runner/work/martinus/martinus/martinus/cake3/src/Martinus/Kiosk/tests/TestCase/Controller/ProductsControllerTest.php" line="51" assertions="6" time="0.155402"/>
        <testcase name="testViewNotStocked" class="Martinus\Kiosk\Test\TestCase\Controller\ProductsControllerTest" file="/home/runner/work/martinus/martinus/martinus/cake3/src/Martinus/Kiosk/tests/TestCase/Controller/ProductsControllerTest.php" line="63" assertions="6" time="0.184370"/>
      </testsuite>
    </testsuite>
    <testsuite name="Martinus/Vat" tests="9" assertions="26" failures="0" errors="0" time="0.092882">
      <testsuite name="Martinus\Vat\Test\Model\Table\VatRatesTableTest" file="/home/runner/work/martinus/martinus/martinus/cake3/src/Martinus/Vat/tests/Model/Table/VatRatesTableTest.php" tests="9" assertions="26" failures="0" errors="0" time="0.092882">
        <testcase name="testFindRateFromCorrectCountry" class="Martinus\Vat\Test\Model\Table\VatRatesTableTest" file="/home/runner/work/martinus/martinus/martinus/cake3/src/Martinus/Vat/tests/Model/Table/VatRatesTableTest.php" line="42" assertions="3" time="0.022426"/>
        <testcase name="testFindActiveRate" class="Martinus\Vat\Test\Model\Table\VatRatesTableTest" file="/home/runner/work/martinus/martinus/martinus/cake3/src/Martinus/Vat/tests/Model/Table/VatRatesTableTest.php" line="67" assertions="3" time="0.010445"/>
        <testcase name="testCrashIfMultipleRatesFound" class="Martinus\Vat\Test\Model\Table\VatRatesTableTest" file="/home/runner/work/martinus/martinus/martinus/cake3/src/Martinus/Vat/tests/Model/Table/VatRatesTableTest.php" line="100" assertions="1" time="0.009259"/>
        <testcase name="testFindRateByConditions" class="Martinus\Vat\Test\Model\Table\VatRatesTableTest" file="/home/runner/work/martinus/martinus/martinus/cake3/src/Martinus/Vat/tests/Model/Table/VatRatesTableTest.php" line="122" assertions="3" time="0.008978"/>
        <testcase name="testFindRateByConditionsComplex" class="Martinus\Vat\Test\Model\Table\VatRatesTableTest" file="/home/runner/work/martinus/martinus/martinus/cake3/src/Martinus/Vat/tests/Model/Table/VatRatesTableTest.php" line="152" assertions="12" time="0.011333"/>
        <testcase name="testCrashIfNoRateFoundInDatabase" class="Martinus\Vat\Test\Model\Table\VatRatesTableTest" file="/home/runner/work/martinus/martinus/martinus/cake3/src/Martinus/Vat/tests/Model/Table/VatRatesTableTest.php" line="203" assertions="1" time="0.007177"/>
        <testcase name="testCrashIfNoRateFoundByCondition" class="Martinus\Vat\Test\Model\Table\VatRatesTableTest" file="/home/runner/work/martinus/martinus/martinus/cake3/src/Martinus/Vat/tests/Model/Table/VatRatesTableTest.php" line="219" assertions="1" time="0.007551"/>
        <testcase name="testSingleVatRate" class="Martinus\Vat\Test\Model\Table\VatRatesTableTest" file="/home/runner/work/martinus/martinus/martinus/cake3/src/Martinus/Vat/tests/Model/Table/VatRatesTableTest.php" line="252" assertions="1" time="0.008256"/>
        <testcase name="testCrashIfNoRateFoundByConditionForProduct" class="Martinus\Vat\Test\Model\Table\VatRatesTableTest" file="/home/runner/work/martinus/martinus/martinus/cake3/src/Martinus/Vat/tests/Model/Table/VatRatesTableTest.php" line="278" assertions="1" time="0.007457"/>
      </testsuite>
    </testsuite>
    <testsuite name="Martinus/Nps" tests="0" assertions="0" failures="0" errors="0" time="0.000000">
      <testsuite name="Martinus\Nps\Test\TestCase\Model\Table\RequestsTableTest" file="/home/runner/work/martinus/martinus/martinus/cake3/src/Martinus/Nps/tests/TestCase/Model/Table/RequestsTableTest.php" tests="0" assertions="0" failures="0" errors="0" time="0.000000"/>
    </testsuite>
  </testsuite>
</testsuites>
